<?xml version="1.0" encoding="UTF-8"?>
<testsuites name="TestSuite_03" time="412.325" tests="30" failures="2" errors="0">
   <testsuite name="TestSuite_03" tests="30" failures="2" errors="0" time="412.325" skipped="0" timestamp="2023-09-22 15:00:56" hostname="hiba.naaz - ZIL482.perficient.com" id="Test Suites/TestSuite_03">
      <properties>
         <property name="deviceName" value=""/>
         <property name="devicePlatform" value=""/>
         <property name="logFolder" value="C:\\Users\\hiba.naaz\\git\\Katalon-Practice\\Reports\\20230922_150050\\TestSuite_03\\20230922_150050"/>
         <property name="logFiles" value="C:\\Users\\hiba.naaz\\git\\Katalon-Practice\\Reports\\20230922_150050\\TestSuite_03\\20230922_150050\\execution0.log"/>
         <property name="attachments" value="C:\\Users\\hiba.naaz\\git\\Katalon-Practice\\Reports\\20230922_150050\\TestSuite_03\\20230922_150050\\1695375215464.png, C:\\Users\\hiba.naaz\\git\\Katalon-Practice\\Reports\\20230922_150050\\TestSuite_03\\20230922_150050\\1695375216124.png, C:\\Users\\hiba.naaz\\git\\Katalon-Practice\\Reports\\20230922_150050\\TestSuite_03\\20230922_150050\\1695375223528.png, C:\\Users\\hiba.naaz\\git\\Katalon-Practice\\Reports\\20230922_150050\\TestSuite_03\\20230922_150050\\1695375223956.png, C:\\Users\\hiba.naaz\\git\\Katalon-Practice\\Reports\\20230922_150050\\TestSuite_03\\20230922_150050\\1695375231563.png, C:\\Users\\hiba.naaz\\git\\Katalon-Practice\\Reports\\20230922_150050\\TestSuite_03\\20230922_150050\\1695375232094.png, C:\\Users\\hiba.naaz\\git\\Katalon-Practice\\Reports\\20230922_150050\\TestSuite_03\\20230922_150050\\1695375238940.png, C:\\Users\\hiba.naaz\\git\\Katalon-Practice\\Reports\\20230922_150050\\TestSuite_03\\20230922_150050\\1695375239585.png, C:\\Users\\hiba.naaz\\git\\Katalon-Practice\\Reports\\20230922_150050\\TestSuite_03\\20230922_150050\\1695375274475.png, C:\\Users\\hiba.naaz\\git\\Katalon-Practice\\Reports\\20230922_150050\\TestSuite_03\\20230922_150050\\1695375282951.png, C:\\Users\\hiba.naaz\\git\\Katalon-Practice\\Reports\\20230922_150050\\TestSuite_03\\20230922_150050\\1695375291674.png, C:\\Users\\hiba.naaz\\git\\Katalon-Practice\\Reports\\20230922_150050\\TestSuite_03\\20230922_150050\\1695375300952.png"/>
         <property name="hostName" value="hiba.naaz - ZIL482.perficient.com"/>
         <property name="os" value="Windows 10 64bit"/>
         <property name="katalonVersion" value="8.6.8.208"/>
         <property name="browser" value="Chrome 116.0.0.0"/>
         <property name="hostAddress" value="172.16.1.9"/>
         <property name="sessionId" value="1bcc38db5e2ad2c4207dc723be7b677c"/>
         <property name="seleniumVersion" value="3.141.59"/>
         <property name="proxyInformation" value="ProxyInformation { proxyOption=NO_PROXY, proxyServerType=HTTP, username=, password=********, proxyServerAddress=, proxyServerPort=0, executionList=&quot;&quot;, isApplyToDesiredCapabilities=true }"/>
         <property name="platform" value="Windows 10"/>
      </properties>
      <testcase name="Test Cases/TC_01" time="32.82" classname="Test Cases/TC_01" status="PASSED">
         <system-out><![CDATA[2023-09-22 15:00:56 - [TEST_CASE][PASSED] - Test Cases/TC_01: Test Cases/TC_01

2023-09-22 15:00:57 - [TEST_STEP][PASSED] - openBrowser(""): Browser is opened with url: ''

2023-09-22 15:00:58 - [MESSAGE][INFO] - Starting 'Chrome' driver

2023-09-22 15:00:58 - [MESSAGE][INFO] - Action delay is set to 0 milliseconds

2023-09-22 15:01:01 - [MESSAGE][PASSED] - Browser is opened with url: ''

2023-09-22 15:01:01 - [TEST_STEP][PASSED] - navigateToUrl("https://www.yahoo.com/"): Navigate to 'https://www.yahoo.com/' successfully

2023-09-22 15:01:28 - [MESSAGE][PASSED] - Navigate to 'https://www.yahoo.com/' successfully

2023-09-22 15:01:28 - [TEST_STEP][PASSED] - verifyElementText(findTestObject("Object Repository/Page_Yahoo  Mail, Weather, Search, Politics_802e32/img_Yahoo Home__yb_hd8j6 _yb_typq8"), ""): Actual text and expected text of test object 'Object Repository/Page_Yahoo  Mail, Weather, Search, Politics_802e32/img_Yahoo Home__yb_hd8j6 _yb_typq8' are matched.

2023-09-22 15:01:28 - [MESSAGE][PASSED] - Actual text and expected text of test object 'Object Repository/Page_Yahoo  Mail, Weather, Search, Politics_802e32/img_Yahoo Home__yb_hd8j6 _yb_typq8' are matched.

2023-09-22 15:01:28 - [TEST_STEP][PASSED] - closeBrowser(): Browser is closed

2023-09-22 15:01:29 - [MESSAGE][PASSED] - Browser is closed]]></system-out>
         <system-err><![CDATA[]]></system-err>
      </testcase>
      <testcase name="Test Cases/TC_02" time="10.676" classname="Test Cases/TC_02" status="PASSED">
         <system-out><![CDATA[2023-09-22 15:01:29 - [TEST_CASE][PASSED] - Test Cases/TC_02: Test Cases/TC_02

2023-09-22 15:01:30 - [TEST_STEP][PASSED] - openBrowser(""): Browser is opened with url: ''

2023-09-22 15:01:30 - [MESSAGE][INFO] - Starting 'Chrome' driver

2023-09-22 15:01:30 - [MESSAGE][INFO] - Action delay is set to 0 milliseconds

2023-09-22 15:01:32 - [MESSAGE][PASSED] - Browser is opened with url: ''

2023-09-22 15:01:32 - [TEST_STEP][PASSED] - navigateToUrl("https://www.google.com/?gws_rd=ssl"): Navigate to 'https://www.google.com/?gws_rd=ssl' successfully

2023-09-22 15:01:35 - [MESSAGE][PASSED] - Navigate to 'https://www.google.com/?gws_rd=ssl' successfully

2023-09-22 15:01:35 - [TEST_STEP][PASSED] - click(findTestObject("Object Repository/Page_Google/a_Images")): Object: 'Object Repository/Page_Google/a_Images' is clicked on

2023-09-22 15:01:37 - [MESSAGE][PASSED] - Object: 'Object Repository/Page_Google/a_Images' is clicked on

2023-09-22 15:01:37 - [TEST_STEP][PASSED] - setText(findTestObject("Object Repository/Page_Google Images/textarea__q"), "cats"): Text 'cats' is set on object 'Object Repository/Page_Google Images/textarea__q'

2023-09-22 15:01:38 - [MESSAGE][PASSED] - Text 'cats' is set on object 'Object Repository/Page_Google Images/textarea__q'

2023-09-22 15:01:38 - [TEST_STEP][PASSED] - click(findTestObject("Object Repository/Page_Google Images/span_cats")): Object: 'Object Repository/Page_Google Images/span_cats' is clicked on

2023-09-22 15:01:39 - [MESSAGE][PASSED] - Object: 'Object Repository/Page_Google Images/span_cats' is clicked on

2023-09-22 15:01:39 - [TEST_STEP][PASSED] - closeBrowser(): Browser is closed

2023-09-22 15:01:40 - [MESSAGE][PASSED] - Browser is closed]]></system-out>
         <system-err><![CDATA[]]></system-err>
      </testcase>
      <testcase name="Test Cases/TC_03" time="8.104" classname="Test Cases/TC_03" status="PASSED">
         <system-out><![CDATA[2023-09-22 15:01:40 - [TEST_CASE][PASSED] - Test Cases/TC_03: Test Cases/TC_03

2023-09-22 15:01:41 - [TEST_STEP][PASSED] - openBrowser(""): Browser is opened with url: ''

2023-09-22 15:01:41 - [MESSAGE][INFO] - Starting 'Chrome' driver

2023-09-22 15:01:41 - [MESSAGE][INFO] - Action delay is set to 0 milliseconds

2023-09-22 15:01:43 - [MESSAGE][PASSED] - Browser is opened with url: ''

2023-09-22 15:01:43 - [TEST_STEP][PASSED] - navigateToUrl("https://www.mozilla.org/en-US/firefox/new/?redirect_source=firefox-com"): Navigate to 'https://www.mozilla.org/en-US/firefox/new/?redirect_source=firefox-com' successfully

2023-09-22 15:01:44 - [MESSAGE][PASSED] - Navigate to 'https://www.mozilla.org/en-US/firefox/new/?redirect_source=firefox-com' successfully

2023-09-22 15:01:44 - [TEST_STEP][PASSED] - click(findTestObject("Object Repository/Page_Get Firefox for desktop  Mozilla (US)/a_Firefox Browsers")): Object: 'Object Repository/Page_Get Firefox for desktop  Mozilla (US)/a_Firefox Browsers' is clicked on

2023-09-22 15:01:45 - [MESSAGE][PASSED] - Object: 'Object Repository/Page_Get Firefox for desktop  Mozilla (US)/a_Firefox Browsers' is clicked on

2023-09-22 15:01:45 - [TEST_STEP][PASSED] - click(findTestObject("Object Repository/Page_Get Firefox for desktop  Mozilla (US)/h4_Privacy Promise")): Object: 'Object Repository/Page_Get Firefox for desktop  Mozilla (US)/h4_Privacy Promise' is clicked on

2023-09-22 15:01:46 - [MESSAGE][PASSED] - Object: 'Object Repository/Page_Get Firefox for desktop  Mozilla (US)/h4_Privacy Promise' is clicked on

2023-09-22 15:01:46 - [TEST_STEP][PASSED] - verifyElementText(findTestObject("Object Repository/Page_Firefox Privacy Promise/h1_Firefox products are designed to protect_73a558"), "Firefox products are designed to protect your privacy"): Actual text and expected text of test object 'Object Repository/Page_Firefox Privacy Promise/h1_Firefox products are designed to protect_73a558' are matched.

2023-09-22 15:01:47 - [MESSAGE][PASSED] - Actual text and expected text of test object 'Object Repository/Page_Firefox Privacy Promise/h1_Firefox products are designed to protect_73a558' are matched.

2023-09-22 15:01:47 - [TEST_STEP][PASSED] - closeBrowser(): Browser is closed

2023-09-22 15:01:48 - [MESSAGE][PASSED] - Browser is closed]]></system-out>
         <system-err><![CDATA[]]></system-err>
      </testcase>
      <testcase name="Test Cases/TC_04" time="15.544" classname="Test Cases/TC_04" status="PASSED">
         <system-out><![CDATA[2023-09-22 15:01:48 - [TEST_CASE][PASSED] - Test Cases/TC_04: Test Cases/TC_04

2023-09-22 15:01:49 - [TEST_STEP][PASSED] - openBrowser(""): Browser is opened with url: ''

2023-09-22 15:01:49 - [MESSAGE][INFO] - Starting 'Chrome' driver

2023-09-22 15:01:49 - [MESSAGE][INFO] - Action delay is set to 0 milliseconds

2023-09-22 15:01:51 - [MESSAGE][PASSED] - Browser is opened with url: ''

2023-09-22 15:01:51 - [TEST_STEP][PASSED] - navigateToUrl("https://www.swiggy.com/"): Navigate to 'https://www.swiggy.com/' successfully

2023-09-22 15:01:54 - [MESSAGE][PASSED] - Navigate to 'https://www.swiggy.com/' successfully

2023-09-22 15:01:54 - [TEST_STEP][PASSED] - setText(findTestObject("Object Repository/Page_Order food online from Indias best foo_aa25ef/input_Order food from favourite restaurants_bec356"), "Nagpur"): Text 'Nagpur' is set on object 'Object Repository/Page_Order food online from Indias best foo_aa25ef/input_Order food from favourite restaurants_bec356'

2023-09-22 15:01:55 - [MESSAGE][PASSED] - Text 'Nagpur' is set on object 'Object Repository/Page_Order food online from Indias best foo_aa25ef/input_Order food from favourite restaurants_bec356'

2023-09-22 15:01:55 - [TEST_STEP][PASSED] - click(findTestObject("Object Repository/Page_Order food online from Indias best foo_aa25ef/span_Nagpur, Maharashtra, India")): Object: 'Object Repository/Page_Order food online from Indias best foo_aa25ef/span_Nagpur, Maharashtra, India' is clicked on

2023-09-22 15:01:56 - [MESSAGE][PASSED] - Object: 'Object Repository/Page_Order food online from Indias best foo_aa25ef/span_Nagpur, Maharashtra, India' is clicked on

2023-09-22 15:01:56 - [TEST_STEP][PASSED] - click(findTestObject("Object Repository/Page_Order food online from Indias best foo_aa25ef/h2_Best offers for you")): Object: 'Object Repository/Page_Order food online from Indias best foo_aa25ef/h2_Best offers for you' is clicked on

2023-09-22 15:02:02 - [MESSAGE][PASSED] - Object: 'Object Repository/Page_Order food online from Indias best foo_aa25ef/h2_Best offers for you' is clicked on

2023-09-22 15:02:02 - [TEST_STEP][PASSED] - verifyElementText(findTestObject("Object Repository/Page_Order food online from Indias best foo_aa25ef/div_Best offers for you"), "Best offers for you"): Actual text and expected text of test object 'Object Repository/Page_Order food online from Indias best foo_aa25ef/div_Best offers for you' are matched.

2023-09-22 15:02:03 - [MESSAGE][PASSED] - Actual text and expected text of test object 'Object Repository/Page_Order food online from Indias best foo_aa25ef/div_Best offers for you' are matched.

2023-09-22 15:02:03 - [TEST_STEP][PASSED] - closeBrowser(): Browser is closed

2023-09-22 15:02:04 - [MESSAGE][PASSED] - Browser is closed]]></system-out>
         <system-err><![CDATA[]]></system-err>
      </testcase>
      <testcase name="Test Cases/TC_05" time="8.514" classname="Test Cases/TC_05" status="PASSED">
         <system-out><![CDATA[2023-09-22 15:02:04 - [TEST_CASE][PASSED] - Test Cases/TC_05: Test Cases/TC_05

2023-09-22 15:02:04 - [TEST_STEP][PASSED] - openBrowser(""): Browser is opened with url: ''

2023-09-22 15:02:04 - [MESSAGE][INFO] - Starting 'Chrome' driver

2023-09-22 15:02:04 - [MESSAGE][INFO] - Action delay is set to 0 milliseconds

2023-09-22 15:02:06 - [MESSAGE][PASSED] - Browser is opened with url: ''

2023-09-22 15:02:06 - [TEST_STEP][PASSED] - navigateToUrl("https://www.zomato.com/"): Navigate to 'https://www.zomato.com/' successfully

2023-09-22 15:02:10 - [MESSAGE][PASSED] - Navigate to 'https://www.zomato.com/' successfully

2023-09-22 15:02:10 - [TEST_STEP][PASSED] - rightClick(findTestObject("Object Repository/Page_Zomato/img_Sign up_high-res-image")): Object: 'Object Repository/Page_Zomato/img_Sign up_high-res-image' is right clicked on

2023-09-22 15:02:11 - [MESSAGE][PASSED] - Object: 'Object Repository/Page_Zomato/img_Sign up_high-res-image' is right clicked on

2023-09-22 15:02:11 - [TEST_STEP][PASSED] - verifyElementText(findTestObject("Object Repository/Page_Zomato/img_Sign up_high-res-image"), ""): Actual text and expected text of test object 'Object Repository/Page_Zomato/img_Sign up_high-res-image' are matched.

2023-09-22 15:02:11 - [MESSAGE][PASSED] - Actual text and expected text of test object 'Object Repository/Page_Zomato/img_Sign up_high-res-image' are matched.

2023-09-22 15:02:11 - [TEST_STEP][PASSED] - closeBrowser(): Browser is closed

2023-09-22 15:02:12 - [MESSAGE][PASSED] - Browser is closed]]></system-out>
         <system-err><![CDATA[]]></system-err>
      </testcase>
      <testcase name="Test Cases/TC_30" time="10.761" classname="Test Cases/TC_30" status="PASSED">
         <system-out><![CDATA[2023-09-22 15:02:12 - [TEST_CASE][PASSED] - Test Cases/TC_30: Test Cases/TC_30

2023-09-22 15:02:13 - [TEST_STEP][PASSED] - openBrowser(""): Browser is opened with url: ''

2023-09-22 15:02:13 - [MESSAGE][INFO] - Starting 'Chrome' driver

2023-09-22 15:02:13 - [MESSAGE][INFO] - Action delay is set to 0 milliseconds

2023-09-22 15:02:15 - [MESSAGE][PASSED] - Browser is opened with url: ''

2023-09-22 15:02:15 - [TEST_STEP][PASSED] - navigateToUrl("https://www.google.com/?gws_rd=ssl"): Navigate to 'https://www.google.com/?gws_rd=ssl' successfully

2023-09-22 15:02:18 - [MESSAGE][PASSED] - Navigate to 'https://www.google.com/?gws_rd=ssl' successfully

2023-09-22 15:02:18 - [TEST_STEP][PASSED] - click(findTestObject("Object Repository/Page_Google/input_Delete_btnI")): Object: 'Object Repository/Page_Google/input_Delete_btnI' is clicked on

2023-09-22 15:02:22 - [MESSAGE][PASSED] - Object: 'Object Repository/Page_Google/input_Delete_btnI' is clicked on

2023-09-22 15:02:22 - [TEST_STEP][PASSED] - closeBrowser(): Browser is closed

2023-09-22 15:02:23 - [MESSAGE][PASSED] - Browser is closed]]></system-out>
         <system-err><![CDATA[]]></system-err>
      </testcase>
      <testcase name="Test Cases/TC_29" time="6.543" classname="Test Cases/TC_29" status="PASSED">
         <system-out><![CDATA[2023-09-22 15:02:23 - [TEST_CASE][PASSED] - Test Cases/TC_29: Test Cases/TC_29

2023-09-22 15:02:24 - [TEST_STEP][PASSED] - openBrowser(""): Browser is opened with url: ''

2023-09-22 15:02:24 - [MESSAGE][INFO] - Starting 'Chrome' driver

2023-09-22 15:02:24 - [MESSAGE][INFO] - Action delay is set to 0 milliseconds

2023-09-22 15:02:26 - [MESSAGE][PASSED] - Browser is opened with url: ''

2023-09-22 15:02:26 - [TEST_STEP][PASSED] - navigateToUrl("https://accounts.google.com/v3/signin/identifier?continue=https%3A%2F%2Fmail.google.com%2Fmail%2Fu%2F0%2F&emr=1&followup=https%3A%2F%2Fmail.google.com%2Fmail%2Fu%2F0%2F&ifkv=AYZoVhcIcg2zCwLEdefYcpyzw6gVVGRcKewMAxaHGzcKCMEL_cg8Xlt1QhTaAQTEmKBeu3vlMmPd&osid=1&passive=1209600&service=mail&flowName=GlifWebSignIn&flowEntry=ServiceLogin&dsh=S-989371226%3A1695374702134779&theme=glif"): Navigate to 'https://accounts.google.com/v3/signin/identifier?continue=https%3A%2F%2Fmail.google.com%2Fmail%2Fu%2F0%2F&emr=1&followup=https%3A%2F%2Fmail.google.com%2Fmail%2Fu%2F0%2F&ifkv=AYZoVhcIcg2zCwLEdefYcpyzw6gVVGRcKewMAxaHGzcKCMEL_cg8Xlt1QhTaAQTEmKBeu3vlMmPd&osid=1&passive=1209600&service=mail&flowName=GlifWebSignIn&flowEntry=ServiceLogin&dsh=S-989371226%3A1695374702134779&theme=glif' successfully

2023-09-22 15:02:28 - [MESSAGE][PASSED] - Navigate to 'https://accounts.google.com/v3/signin/identifier?continue=https%3A%2F%2Fmail.google.com%2Fmail%2Fu%2F0%2F&emr=1&followup=https%3A%2F%2Fmail.google.com%2Fmail%2Fu%2F0%2F&ifkv=AYZoVhcIcg2zCwLEdefYcpyzw6gVVGRcKewMAxaHGzcKCMEL_cg8Xlt1QhTaAQTEmKBeu3vlMmPd&osid=1&passive=1209600&service=mail&flowName=GlifWebSignIn&flowEntry=ServiceLogin&dsh=S-989371226%3A1695374702134779&theme=glif' successfully

2023-09-22 15:02:28 - [TEST_STEP][PASSED] - verifyElementText(findTestObject("Object Repository/Page_Gmail/div_Not your computer Use Guest mode to sig_83e181"), "Not your computer? Use Guest mode to sign in privately. Learn more"): Actual text and expected text of test object 'Object Repository/Page_Gmail/div_Not your computer Use Guest mode to sig_83e181' are matched.

2023-09-22 15:02:29 - [MESSAGE][PASSED] - Actual text and expected text of test object 'Object Repository/Page_Gmail/div_Not your computer Use Guest mode to sig_83e181' are matched.

2023-09-22 15:02:29 - [TEST_STEP][PASSED] - closeBrowser(): Browser is closed

2023-09-22 15:02:29 - [MESSAGE][PASSED] - Browser is closed]]></system-out>
         <system-err><![CDATA[]]></system-err>
      </testcase>
      <testcase name="Test Cases/TC_28" time="5.809" classname="Test Cases/TC_28" status="PASSED">
         <system-out><![CDATA[2023-09-22 15:02:29 - [TEST_CASE][PASSED] - Test Cases/TC_28: Test Cases/TC_28

2023-09-22 15:02:30 - [TEST_STEP][PASSED] - openBrowser(""): Browser is opened with url: ''

2023-09-22 15:02:30 - [MESSAGE][INFO] - Starting 'Chrome' driver

2023-09-22 15:02:30 - [MESSAGE][INFO] - Action delay is set to 0 milliseconds

2023-09-22 15:02:32 - [MESSAGE][PASSED] - Browser is opened with url: ''

2023-09-22 15:02:32 - [TEST_STEP][PASSED] - navigateToUrl("https://www.apple.com/"): Navigate to 'https://www.apple.com/' successfully

2023-09-22 15:02:34 - [MESSAGE][PASSED] - Navigate to 'https://www.apple.com/' successfully

2023-09-22 15:02:34 - [TEST_STEP][PASSED] - verifyElementText(findTestObject("Object Repository/Page_Apple/span_Save on Mac or iPad with education pri_ed628a"), "Save on Mac or iPad with education pricing and get a gift card up to $150. Gift card offer ends October 2.1 Shop now"): Actual text and expected text of test object 'Object Repository/Page_Apple/span_Save on Mac or iPad with education pri_ed628a' are matched.

2023-09-22 15:02:34 - [MESSAGE][PASSED] - Actual text and expected text of test object 'Object Repository/Page_Apple/span_Save on Mac or iPad with education pri_ed628a' are matched.

2023-09-22 15:02:34 - [TEST_STEP][PASSED] - closeBrowser(): Browser is closed

2023-09-22 15:02:35 - [MESSAGE][PASSED] - Browser is closed]]></system-out>
         <system-err><![CDATA[]]></system-err>
      </testcase>
      <testcase name="Test Cases/TC_27" time="8.247" classname="Test Cases/TC_27" status="PASSED">
         <system-out><![CDATA[2023-09-22 15:02:35 - [TEST_CASE][PASSED] - Test Cases/TC_27: Test Cases/TC_27

2023-09-22 15:02:36 - [TEST_STEP][PASSED] - openBrowser(""): Browser is opened with url: ''

2023-09-22 15:02:36 - [MESSAGE][INFO] - Starting 'Chrome' driver

2023-09-22 15:02:36 - [MESSAGE][INFO] - Action delay is set to 0 milliseconds

2023-09-22 15:02:38 - [MESSAGE][PASSED] - Browser is opened with url: ''

2023-09-22 15:02:38 - [TEST_STEP][PASSED] - navigateToUrl("https://www.zomato.com/"): Navigate to 'https://www.zomato.com/' successfully

2023-09-22 15:02:42 - [MESSAGE][PASSED] - Navigate to 'https://www.zomato.com/' successfully

2023-09-22 15:02:42 - [TEST_STEP][PASSED] - verifyElementText(findTestObject("Object Repository/Page_Zomato/p_Order Online"), "Order Online"): Actual text and expected text of test object 'Object Repository/Page_Zomato/p_Order Online' are matched.

2023-09-22 15:02:43 - [MESSAGE][PASSED] - Actual text and expected text of test object 'Object Repository/Page_Zomato/p_Order Online' are matched.

2023-09-22 15:02:43 - [TEST_STEP][PASSED] - closeBrowser(): Browser is closed

2023-09-22 15:02:44 - [MESSAGE][PASSED] - Browser is closed]]></system-out>
         <system-err><![CDATA[]]></system-err>
      </testcase>
      <testcase name="Test Cases/TC_26" time="7.368" classname="Test Cases/TC_26" status="PASSED">
         <system-out><![CDATA[2023-09-22 15:02:44 - [TEST_CASE][PASSED] - Test Cases/TC_26: Test Cases/TC_26

2023-09-22 15:02:44 - [TEST_STEP][PASSED] - openBrowser(""): Browser is opened with url: ''

2023-09-22 15:02:44 - [MESSAGE][INFO] - Starting 'Chrome' driver

2023-09-22 15:02:44 - [MESSAGE][INFO] - Action delay is set to 0 milliseconds

2023-09-22 15:02:46 - [MESSAGE][PASSED] - Browser is opened with url: ''

2023-09-22 15:02:46 - [TEST_STEP][PASSED] - navigateToUrl("https://www.swiggy.com/"): Navigate to 'https://www.swiggy.com/' successfully

2023-09-22 15:02:50 - [MESSAGE][PASSED] - Navigate to 'https://www.swiggy.com/' successfully

2023-09-22 15:02:50 - [TEST_STEP][PASSED] - verifyElementText(findTestObject("Object Repository/Page_Order food online from Indias best foo_aa25ef/h2_Order food from favourite restaurants near you"), "Order food from favourite restaurants near you."): Actual text and expected text of test object 'Object Repository/Page_Order food online from Indias best foo_aa25ef/h2_Order food from favourite restaurants near you' are matched.

2023-09-22 15:02:50 - [MESSAGE][PASSED] - Actual text and expected text of test object 'Object Repository/Page_Order food online from Indias best foo_aa25ef/h2_Order food from favourite restaurants near you' are matched.

2023-09-22 15:02:50 - [TEST_STEP][PASSED] - closeBrowser(): Browser is closed

2023-09-22 15:02:51 - [MESSAGE][PASSED] - Browser is closed]]></system-out>
         <system-err><![CDATA[]]></system-err>
      </testcase>
      <testcase name="Test Cases/TC_25" time="7.862" classname="Test Cases/TC_25" status="PASSED">
         <system-out><![CDATA[2023-09-22 15:02:51 - [TEST_CASE][PASSED] - Test Cases/TC_25: Test Cases/TC_25

2023-09-22 15:02:51 - [TEST_STEP][PASSED] - openBrowser(""): Browser is opened with url: ''

2023-09-22 15:02:51 - [MESSAGE][INFO] - Starting 'Chrome' driver

2023-09-22 15:02:51 - [MESSAGE][INFO] - Action delay is set to 0 milliseconds

2023-09-22 15:02:53 - [MESSAGE][PASSED] - Browser is opened with url: ''

2023-09-22 15:02:53 - [TEST_STEP][PASSED] - navigateToUrl("https://www.uber.com/in/en/"): Navigate to 'https://www.uber.com/in/en/' successfully

2023-09-22 15:02:56 - [MESSAGE][PASSED] - Navigate to 'https://www.uber.com/in/en/' successfully

2023-09-22 15:02:56 - [TEST_STEP][PASSED] - verifyElementText(findTestObject("Object Repository/Page_Earn Money by Driving or Get a Ride No_86ddf9/h2_Request a ride now"), "Request a ride now"): Actual text and expected text of test object 'Object Repository/Page_Earn Money by Driving or Get a Ride No_86ddf9/h2_Request a ride now' are matched.

2023-09-22 15:02:58 - [MESSAGE][PASSED] - Actual text and expected text of test object 'Object Repository/Page_Earn Money by Driving or Get a Ride No_86ddf9/h2_Request a ride now' are matched.

2023-09-22 15:02:58 - [TEST_STEP][PASSED] - closeBrowser(): Browser is closed

2023-09-22 15:02:59 - [MESSAGE][PASSED] - Browser is closed]]></system-out>
         <system-err><![CDATA[]]></system-err>
      </testcase>
      <testcase name="Test Cases/TC_24" time="8.49" classname="Test Cases/TC_24" status="PASSED">
         <system-out><![CDATA[2023-09-22 15:02:59 - [TEST_CASE][PASSED] - Test Cases/TC_24: Test Cases/TC_24

2023-09-22 15:02:59 - [TEST_STEP][PASSED] - openBrowser(""): Browser is opened with url: ''

2023-09-22 15:02:59 - [MESSAGE][INFO] - Starting 'Chrome' driver

2023-09-22 15:02:59 - [MESSAGE][INFO] - Action delay is set to 0 milliseconds

2023-09-22 15:03:01 - [MESSAGE][PASSED] - Browser is opened with url: ''

2023-09-22 15:03:01 - [TEST_STEP][PASSED] - navigateToUrl("https://www.redbus.com/"): Navigate to 'https://www.redbus.com/' successfully

2023-09-22 15:03:05 - [MESSAGE][PASSED] - Navigate to 'https://www.redbus.com/' successfully

2023-09-22 15:03:05 - [TEST_STEP][PASSED] - verifyElementText(findTestObject("Object Repository/Page_Book bus tickets online with redBus/h1_Book your journey now with the worlds la_24b2db"), "Book your journey now with the world's largest bus platform"): Actual text and expected text of test object 'Object Repository/Page_Book bus tickets online with redBus/h1_Book your journey now with the worlds la_24b2db' are matched.

2023-09-22 15:03:06 - [MESSAGE][PASSED] - Actual text and expected text of test object 'Object Repository/Page_Book bus tickets online with redBus/h1_Book your journey now with the worlds la_24b2db' are matched.

2023-09-22 15:03:06 - [TEST_STEP][PASSED] - closeBrowser(): Browser is closed

2023-09-22 15:03:07 - [MESSAGE][PASSED] - Browser is closed]]></system-out>
         <system-err><![CDATA[]]></system-err>
      </testcase>
      <testcase name="Test Cases/TC_22" time="9.467" classname="Test Cases/TC_22" status="PASSED">
         <system-out><![CDATA[2023-09-22 15:03:07 - [TEST_CASE][PASSED] - Test Cases/TC_22: Test Cases/TC_22

2023-09-22 15:03:08 - [TEST_STEP][PASSED] - openBrowser(""): Browser is opened with url: ''

2023-09-22 15:03:08 - [MESSAGE][INFO] - Starting 'Chrome' driver

2023-09-22 15:03:08 - [MESSAGE][INFO] - Action delay is set to 0 milliseconds

2023-09-22 15:03:10 - [MESSAGE][PASSED] - Browser is opened with url: ''

2023-09-22 15:03:10 - [TEST_STEP][PASSED] - navigateToUrl("https://www.holidify.com/"): Navigate to 'https://www.holidify.com/' successfully

2023-09-22 15:03:14 - [MESSAGE][PASSED] - Navigate to 'https://www.holidify.com/' successfully

2023-09-22 15:03:14 - [TEST_STEP][PASSED] - verifyElementText(findTestObject("Object Repository/Page_Holidify  Discover Your Next Holiday  _a63010/a_Join as travel agent"), "Join as travel agent"): Actual text and expected text of test object 'Object Repository/Page_Holidify  Discover Your Next Holiday  _a63010/a_Join as travel agent' are matched.

2023-09-22 15:03:16 - [MESSAGE][PASSED] - Actual text and expected text of test object 'Object Repository/Page_Holidify  Discover Your Next Holiday  _a63010/a_Join as travel agent' are matched.

2023-09-22 15:03:16 - [TEST_STEP][PASSED] - closeBrowser(): Browser is closed

2023-09-22 15:03:17 - [MESSAGE][PASSED] - Browser is closed]]></system-out>
         <system-err><![CDATA[]]></system-err>
      </testcase>
      <testcase name="Test Cases/TC_23" time="10.812" classname="Test Cases/TC_23" status="PASSED">
         <system-out><![CDATA[2023-09-22 15:03:17 - [TEST_CASE][PASSED] - Test Cases/TC_23: Test Cases/TC_23

2023-09-22 15:03:18 - [TEST_STEP][PASSED] - openBrowser(""): Browser is opened with url: ''

2023-09-22 15:03:18 - [MESSAGE][INFO] - Starting 'Chrome' driver

2023-09-22 15:03:18 - [MESSAGE][INFO] - Action delay is set to 0 milliseconds

2023-09-22 15:03:20 - [MESSAGE][PASSED] - Browser is opened with url: ''

2023-09-22 15:03:20 - [TEST_STEP][PASSED] - navigateToUrl("https://www.skyscanner.co.in/?previousCultureSource=GEO_LOCATION&redirectedFrom=www.skyscanner.com"): Navigate to 'https://www.skyscanner.co.in/?previousCultureSource=GEO_LOCATION&redirectedFrom=www.skyscanner.com' successfully

2023-09-22 15:03:20 - [MESSAGE][PASSED] - Navigate to 'https://www.skyscanner.co.in/?previousCultureSource=GEO_LOCATION&redirectedFrom=www.skyscanner.com' successfully

2023-09-22 15:03:20 - [TEST_STEP][PASSED] - verifyElementText(findTestObject("Object Repository/Page_Flight Ticket Booking Cheap Flights  A_be8d90/h2_Millions of cheap flights. One simple search"), "Millions of cheap flights. One simple search."): Actual text and expected text of test object 'Object Repository/Page_Flight Ticket Booking Cheap Flights  A_be8d90/h2_Millions of cheap flights. One simple search' are matched.

2023-09-22 15:03:27 - [MESSAGE][PASSED] - Actual text and expected text of test object 'Object Repository/Page_Flight Ticket Booking Cheap Flights  A_be8d90/h2_Millions of cheap flights. One simple search' are matched.

2023-09-22 15:03:27 - [TEST_STEP][PASSED] - closeBrowser(): Browser is closed

2023-09-22 15:03:28 - [MESSAGE][PASSED] - Browser is closed]]></system-out>
         <system-err><![CDATA[]]></system-err>
      </testcase>
      <testcase name="Test Cases/TC_21" time="7.528" classname="Test Cases/TC_21" status="FAILED">
         <failure type="FAILED" message="Test Cases/TC_21 FAILED.
Reason:
com.kms.katalon.core.exception.StepFailedException: Verify element text of test object 'Object Repository/Page_Amazon.com Amazon Prime/h1_New members, try Primefree for 30 days' FAILED.
	at com.kms.katalon.core.webui.keyword.internal.WebUIKeywordMain.stepFailed(WebUIKeywordMain.groovy:64)
	at com.kms.katalon.core.webui.keyword.internal.WebUIKeywordMain.runKeyword(WebUIKeywordMain.groovy:26)
	at com.kms.katalon.core.webui.keyword.builtin.VerifyElementTextKeyword.verifyElementText(VerifyElementTextKeyword.groovy:72)
	at com.kms.katalon.core.webui.keyword.builtin.VerifyElementTextKeyword.execute(VerifyElementTextKeyword.groovy:40)
	at com.kms.katalon.core.keyword.internal.KeywordExecutor.executeKeywordForPlatform(KeywordExecutor.groovy:74)
	at com.kms.katalon.core.webui.keyword.WebUiBuiltInKeywords.verifyElementText(WebUiBuiltInKeywords.groovy:4749)
	at com.kms.katalon.core.webui.keyword.WebUiBuiltInKeywords$verifyElementText$1.call(Unknown Source)
	at TC_21.run(TC_21:24)
	at com.kms.katalon.core.main.ScriptEngine.run(ScriptEngine.java:194)
	at com.kms.katalon.core.main.ScriptEngine.runScriptAsRawText(ScriptEngine.java:119)
	at com.kms.katalon.core.main.TestCaseExecutor.runScript(TestCaseExecutor.java:448)
	at com.kms.katalon.core.main.TestCaseExecutor.doExecute(TestCaseExecutor.java:439)
	at com.kms.katalon.core.main.TestCaseExecutor.processExecutionPhase(TestCaseExecutor.java:418)
	at com.kms.katalon.core.main.TestCaseExecutor.accessMainPhase(TestCaseExecutor.java:410)
	at com.kms.katalon.core.main.TestCaseExecutor.execute(TestCaseExecutor.java:285)
	at com.kms.katalon.core.main.TestCaseExecutor.execute(TestCaseExecutor.java:369)
	at com.kms.katalon.core.main.TestCaseExecutor.execute(TestCaseExecutor.java:369)
	at com.kms.katalon.core.main.TestCaseExecutor.execute(TestCaseExecutor.java:369)
	at com.kms.katalon.core.common.CommonExecutor.accessTestCaseMainPhase(CommonExecutor.java:65)
	at com.kms.katalon.core.main.TestSuiteExecutor.accessTestSuiteMainPhase(TestSuiteExecutor.java:148)
	at com.kms.katalon.core.main.TestSuiteExecutor.execute(TestSuiteExecutor.java:106)
	at com.kms.katalon.core.main.TestCaseMain.startTestSuite(TestCaseMain.java:187)
	at com.kms.katalon.core.main.TestCaseMain$startTestSuite$0.call(Unknown Source)
	at TempTestSuite1695375050722.run(TempTestSuite1695375050722.groovy:36)
Caused by: com.kms.katalon.core.exception.StepFailedException: Actual text 'New members, try Prime
free for 30 days' and expected text 'New members, try Primefree for 30 days' of test object 'Object Repository/Page_Amazon.com Amazon Prime/h1_New members, try Primefree for 30 days' are NOT matched.
	at com.kms.katalon.core.webui.keyword.internal.WebUIKeywordMain.stepFailed(WebUIKeywordMain.groovy:64)
	at com.kms.katalon.core.webui.keyword.builtin.VerifyElementTextKeyword$_verifyElementText_closure1.doCall(VerifyElementTextKeyword.groovy:57)
	at com.kms.katalon.core.webui.keyword.builtin.VerifyElementTextKeyword$_verifyElementText_closure1.call(VerifyElementTextKeyword.groovy)
	at com.kms.katalon.core.webui.keyword.internal.WebUIKeywordMain.runKeyword(WebUIKeywordMain.groovy:20)
	... 22 more
"/>
         <system-out><![CDATA[2023-09-22 15:03:52 - [TEST_CASE][FAILED] - Test Cases/TC_21: Test Cases/TC_21 FAILED.
Reason:
com.kms.katalon.core.exception.StepFailedException: Verify element text of test object 'Object Repository/Page_Amazon.com Amazon Prime/h1_New members, try Primefree for 30 days' FAILED.
	at com.kms.katalon.core.webui.keyword.internal.WebUIKeywordMain.stepFailed(WebUIKeywordMain.groovy:64)
	at com.kms.katalon.core.webui.keyword.internal.WebUIKeywordMain.runKeyword(WebUIKeywordMain.groovy:26)
	at com.kms.katalon.core.webui.keyword.builtin.VerifyElementTextKeyword.verifyElementText(VerifyElementTextKeyword.groovy:72)
	at com.kms.katalon.core.webui.keyword.builtin.VerifyElementTextKeyword.execute(VerifyElementTextKeyword.groovy:40)
	at com.kms.katalon.core.keyword.internal.KeywordExecutor.executeKeywordForPlatform(KeywordExecutor.groovy:74)
	at com.kms.katalon.core.webui.keyword.WebUiBuiltInKeywords.verifyElementText(WebUiBuiltInKeywords.groovy:4749)
	at com.kms.katalon.core.webui.keyword.WebUiBuiltInKeywords$verifyElementText$1.call(Unknown Source)
	at TC_21.run(TC_21:24)
	at com.kms.katalon.core.main.ScriptEngine.run(ScriptEngine.java:194)
	at com.kms.katalon.core.main.ScriptEngine.runScriptAsRawText(ScriptEngine.java:119)
	at com.kms.katalon.core.main.TestCaseExecutor.runScript(TestCaseExecutor.java:448)
	at com.kms.katalon.core.main.TestCaseExecutor.doExecute(TestCaseExecutor.java:439)
	at com.kms.katalon.core.main.TestCaseExecutor.processExecutionPhase(TestCaseExecutor.java:418)
	at com.kms.katalon.core.main.TestCaseExecutor.accessMainPhase(TestCaseExecutor.java:410)
	at com.kms.katalon.core.main.TestCaseExecutor.execute(TestCaseExecutor.java:285)
	at com.kms.katalon.core.main.TestCaseExecutor.execute(TestCaseExecutor.java:369)
	at com.kms.katalon.core.main.TestCaseExecutor.execute(TestCaseExecutor.java:369)
	at com.kms.katalon.core.main.TestCaseExecutor.execute(TestCaseExecutor.java:369)
	at com.kms.katalon.core.common.CommonExecutor.accessTestCaseMainPhase(CommonExecutor.java:65)
	at com.kms.katalon.core.main.TestSuiteExecutor.accessTestSuiteMainPhase(TestSuiteExecutor.java:148)
	at com.kms.katalon.core.main.TestSuiteExecutor.execute(TestSuiteExecutor.java:106)
	at com.kms.katalon.core.main.TestCaseMain.startTestSuite(TestCaseMain.java:187)
	at com.kms.katalon.core.main.TestCaseMain$startTestSuite$0.call(Unknown Source)
	at TempTestSuite1695375050722.run(TempTestSuite1695375050722.groovy:36)
Caused by: com.kms.katalon.core.exception.StepFailedException: Actual text 'New members, try Prime
free for 30 days' and expected text 'New members, try Primefree for 30 days' of test object 'Object Repository/Page_Amazon.com Amazon Prime/h1_New members, try Primefree for 30 days' are NOT matched.
	at com.kms.katalon.core.webui.keyword.internal.WebUIKeywordMain.stepFailed(WebUIKeywordMain.groovy:64)
	at com.kms.katalon.core.webui.keyword.builtin.VerifyElementTextKeyword$_verifyElementText_closure1.doCall(VerifyElementTextKeyword.groovy:57)
	at com.kms.katalon.core.webui.keyword.builtin.VerifyElementTextKeyword$_verifyElementText_closure1.call(VerifyElementTextKeyword.groovy)
	at com.kms.katalon.core.webui.keyword.internal.WebUIKeywordMain.runKeyword(WebUIKeywordMain.groovy:20)
	... 22 more


2023-09-22 15:03:52 - [TEST_STEP][PASSED] - openBrowser(""): Browser is opened with url: ''

2023-09-22 15:03:52 - [MESSAGE][WARNING] - A browser is already opened. Closing browser and opening a new one

2023-09-22 15:03:53 - [MESSAGE][INFO] - Starting 'Chrome' driver

2023-09-22 15:03:53 - [MESSAGE][INFO] - Action delay is set to 0 milliseconds

2023-09-22 15:03:55 - [MESSAGE][PASSED] - Browser is opened with url: ''

2023-09-22 15:03:55 - [TEST_STEP][PASSED] - navigateToUrl("https://www.amazon.com/amazonprime/?sr=53-1"): Navigate to 'https://www.amazon.com/amazonprime/?sr=53-1' successfully

2023-09-22 15:03:58 - [MESSAGE][PASSED] - Navigate to 'https://www.amazon.com/amazonprime/?sr=53-1' successfully

2023-09-22 15:03:58 - [TEST_STEP][FAILED] - verifyElementText(findTestObject("Object Repository/Page_Amazon.com Amazon Prime/h1_New members, try Primefree for 30 days"), "New members, try Primefree for 30 days"): Verify element text of test object 'Object Repository/Page_Amazon.com Amazon Prime/h1_New members, try Primefree for 30 days' FAILED. (Root cause: com.kms.katalon.core.exception.StepFailedException: Verify element text of test object 'Object Repository/Page_Amazon.com Amazon Prime/h1_New members, try Primefree for 30 days' FAILED.
	at com.kms.katalon.core.webui.keyword.internal.WebUIKeywordMain.stepFailed(WebUIKeywordMain.groovy:64)
	at com.kms.katalon.core.webui.keyword.internal.WebUIKeywordMain.runKeyword(WebUIKeywordMain.groovy:26)
	at com.kms.katalon.core.webui.keyword.builtin.VerifyElementTextKeyword.verifyElementText(VerifyElementTextKeyword.groovy:72)
	at com.kms.katalon.core.webui.keyword.builtin.VerifyElementTextKeyword.execute(VerifyElementTextKeyword.groovy:40)
	at com.kms.katalon.core.keyword.internal.KeywordExecutor.executeKeywordForPlatform(KeywordExecutor.groovy:74)
	at com.kms.katalon.core.webui.keyword.WebUiBuiltInKeywords.verifyElementText(WebUiBuiltInKeywords.groovy:4749)
	at com.kms.katalon.core.webui.keyword.WebUiBuiltInKeywords$verifyElementText$1.call(Unknown Source)
	at TC_21.run(TC_21:24)
	at com.kms.katalon.core.main.ScriptEngine.run(ScriptEngine.java:194)
	at com.kms.katalon.core.main.ScriptEngine.runScriptAsRawText(ScriptEngine.java:119)
	at com.kms.katalon.core.main.TestCaseExecutor.runScript(TestCaseExecutor.java:448)
	at com.kms.katalon.core.main.TestCaseExecutor.doExecute(TestCaseExecutor.java:439)
	at com.kms.katalon.core.main.TestCaseExecutor.processExecutionPhase(TestCaseExecutor.java:418)
	at com.kms.katalon.core.main.TestCaseExecutor.accessMainPhase(TestCaseExecutor.java:410)
	at com.kms.katalon.core.main.TestCaseExecutor.execute(TestCaseExecutor.java:285)
	at com.kms.katalon.core.main.TestCaseExecutor.execute(TestCaseExecutor.java:369)
	at com.kms.katalon.core.main.TestCaseExecutor.execute(TestCaseExecutor.java:369)
	at com.kms.katalon.core.main.TestCaseExecutor.execute(TestCaseExecutor.java:369)
	at com.kms.katalon.core.common.CommonExecutor.accessTestCaseMainPhase(CommonExecutor.java:65)
	at com.kms.katalon.core.main.TestSuiteExecutor.accessTestSuiteMainPhase(TestSuiteExecutor.java:148)
	at com.kms.katalon.core.main.TestSuiteExecutor.execute(TestSuiteExecutor.java:106)
	at com.kms.katalon.core.main.TestCaseMain.startTestSuite(TestCaseMain.java:187)
	at com.kms.katalon.core.main.TestCaseMain$startTestSuite$0.call(Unknown Source)
	at TempTestSuite1695375050722.run(TempTestSuite1695375050722.groovy:36)
Caused by: com.kms.katalon.core.exception.StepFailedException: Actual text 'New members, try Prime
free for 30 days' and expected text 'New members, try Primefree for 30 days' of test object 'Object Repository/Page_Amazon.com Amazon Prime/h1_New members, try Primefree for 30 days' are NOT matched.
	at com.kms.katalon.core.webui.keyword.internal.WebUIKeywordMain.stepFailed(WebUIKeywordMain.groovy:64)
	at com.kms.katalon.core.webui.keyword.builtin.VerifyElementTextKeyword$_verifyElementText_closure1.doCall(VerifyElementTextKeyword.groovy:57)
	at com.kms.katalon.core.webui.keyword.builtin.VerifyElementTextKeyword$_verifyElementText_closure1.call(VerifyElementTextKeyword.groovy)
	at com.kms.katalon.core.webui.keyword.internal.WebUIKeywordMain.runKeyword(WebUIKeywordMain.groovy:20)
	... 22 more
)

2023-09-22 15:03:59 - [MESSAGE][FAILED] - Actual text 'New members, try Prime
free for 30 days' and expected text 'New members, try Primefree for 30 days' of test object 'Object Repository/Page_Amazon.com Amazon Prime/h1_New members, try Primefree for 30 days' are NOT matched. (Root cause: com.kms.katalon.core.exception.StepFailedException: Actual text 'New members, try Prime
free for 30 days' and expected text 'New members, try Primefree for 30 days' of test object 'Object Repository/Page_Amazon.com Amazon Prime/h1_New members, try Primefree for 30 days' are NOT matched.
	at com.kms.katalon.core.webui.keyword.internal.WebUIKeywordMain.stepFailed(WebUIKeywordMain.groovy:64)
	at com.kms.katalon.core.webui.keyword.builtin.VerifyElementTextKeyword$_verifyElementText_closure1.doCall(VerifyElementTextKeyword.groovy:57)
	at com.kms.katalon.core.webui.keyword.builtin.VerifyElementTextKeyword$_verifyElementText_closure1.call(VerifyElementTextKeyword.groovy)
	at com.kms.katalon.core.webui.keyword.internal.WebUIKeywordMain.runKeyword(WebUIKeywordMain.groovy:20)
	at com.kms.katalon.core.webui.keyword.builtin.VerifyElementTextKeyword.verifyElementText(VerifyElementTextKeyword.groovy:72)
	at com.kms.katalon.core.webui.keyword.builtin.VerifyElementTextKeyword.execute(VerifyElementTextKeyword.groovy:40)
	at com.kms.katalon.core.keyword.internal.KeywordExecutor.executeKeywordForPlatform(KeywordExecutor.groovy:74)
	at com.kms.katalon.core.webui.keyword.WebUiBuiltInKeywords.verifyElementText(WebUiBuiltInKeywords.groovy:4749)
	at com.kms.katalon.core.webui.keyword.WebUiBuiltInKeywords$verifyElementText$1.call(Unknown Source)
	at TC_21.run(TC_21:24)
	at com.kms.katalon.core.main.ScriptEngine.run(ScriptEngine.java:194)
	at com.kms.katalon.core.main.ScriptEngine.runScriptAsRawText(ScriptEngine.java:119)
	at com.kms.katalon.core.main.TestCaseExecutor.runScript(TestCaseExecutor.java:448)
	at com.kms.katalon.core.main.TestCaseExecutor.doExecute(TestCaseExecutor.java:439)
	at com.kms.katalon.core.main.TestCaseExecutor.processExecutionPhase(TestCaseExecutor.java:418)
	at com.kms.katalon.core.main.TestCaseExecutor.accessMainPhase(TestCaseExecutor.java:410)
	at com.kms.katalon.core.main.TestCaseExecutor.execute(TestCaseExecutor.java:285)
	at com.kms.katalon.core.main.TestCaseExecutor.execute(TestCaseExecutor.java:369)
	at com.kms.katalon.core.main.TestCaseExecutor.execute(TestCaseExecutor.java:369)
	at com.kms.katalon.core.main.TestCaseExecutor.execute(TestCaseExecutor.java:369)
	at com.kms.katalon.core.common.CommonExecutor.accessTestCaseMainPhase(CommonExecutor.java:65)
	at com.kms.katalon.core.main.TestSuiteExecutor.accessTestSuiteMainPhase(TestSuiteExecutor.java:148)
	at com.kms.katalon.core.main.TestSuiteExecutor.execute(TestSuiteExecutor.java:106)
	at com.kms.katalon.core.main.TestCaseMain.startTestSuite(TestCaseMain.java:187)
	at com.kms.katalon.core.main.TestCaseMain$startTestSuite$0.call(Unknown Source)
	at TempTestSuite1695375050722.run(TempTestSuite1695375050722.groovy:36)
)
[[ATTACHMENT|C:\\Users\\hiba.naaz\\git\\Katalon-Practice\\Reports\\20230922_150050\\TestSuite_03\\20230922_150050\\1695375238940.png]]

2023-09-22 15:04:00 - [MESSAGE][FAILED] - Verify element text of test object 'Object Repository/Page_Amazon.com Amazon Prime/h1_New members, try Primefree for 30 days' FAILED. (Root cause: com.kms.katalon.core.exception.StepFailedException: Verify element text of test object 'Object Repository/Page_Amazon.com Amazon Prime/h1_New members, try Primefree for 30 days' FAILED.
	at com.kms.katalon.core.webui.keyword.internal.WebUIKeywordMain.stepFailed(WebUIKeywordMain.groovy:64)
	at com.kms.katalon.core.webui.keyword.internal.WebUIKeywordMain.runKeyword(WebUIKeywordMain.groovy:26)
	at com.kms.katalon.core.webui.keyword.builtin.VerifyElementTextKeyword.verifyElementText(VerifyElementTextKeyword.groovy:72)
	at com.kms.katalon.core.webui.keyword.builtin.VerifyElementTextKeyword.execute(VerifyElementTextKeyword.groovy:40)
	at com.kms.katalon.core.keyword.internal.KeywordExecutor.executeKeywordForPlatform(KeywordExecutor.groovy:74)
	at com.kms.katalon.core.webui.keyword.WebUiBuiltInKeywords.verifyElementText(WebUiBuiltInKeywords.groovy:4749)
	at com.kms.katalon.core.webui.keyword.WebUiBuiltInKeywords$verifyElementText$1.call(Unknown Source)
	at TC_21.run(TC_21:24)
	at com.kms.katalon.core.main.ScriptEngine.run(ScriptEngine.java:194)
	at com.kms.katalon.core.main.ScriptEngine.runScriptAsRawText(ScriptEngine.java:119)
	at com.kms.katalon.core.main.TestCaseExecutor.runScript(TestCaseExecutor.java:448)
	at com.kms.katalon.core.main.TestCaseExecutor.doExecute(TestCaseExecutor.java:439)
	at com.kms.katalon.core.main.TestCaseExecutor.processExecutionPhase(TestCaseExecutor.java:418)
	at com.kms.katalon.core.main.TestCaseExecutor.accessMainPhase(TestCaseExecutor.java:410)
	at com.kms.katalon.core.main.TestCaseExecutor.execute(TestCaseExecutor.java:285)
	at com.kms.katalon.core.main.TestCaseExecutor.execute(TestCaseExecutor.java:369)
	at com.kms.katalon.core.main.TestCaseExecutor.execute(TestCaseExecutor.java:369)
	at com.kms.katalon.core.main.TestCaseExecutor.execute(TestCaseExecutor.java:369)
	at com.kms.katalon.core.common.CommonExecutor.accessTestCaseMainPhase(CommonExecutor.java:65)
	at com.kms.katalon.core.main.TestSuiteExecutor.accessTestSuiteMainPhase(TestSuiteExecutor.java:148)
	at com.kms.katalon.core.main.TestSuiteExecutor.execute(TestSuiteExecutor.java:106)
	at com.kms.katalon.core.main.TestCaseMain.startTestSuite(TestCaseMain.java:187)
	at com.kms.katalon.core.main.TestCaseMain$startTestSuite$0.call(Unknown Source)
	at TempTestSuite1695375050722.run(TempTestSuite1695375050722.groovy:36)
Caused by: com.kms.katalon.core.exception.StepFailedException: Actual text 'New members, try Prime
free for 30 days' and expected text 'New members, try Primefree for 30 days' of test object 'Object Repository/Page_Amazon.com Amazon Prime/h1_New members, try Primefree for 30 days' are NOT matched.
	at com.kms.katalon.core.webui.keyword.internal.WebUIKeywordMain.stepFailed(WebUIKeywordMain.groovy:64)
	at com.kms.katalon.core.webui.keyword.builtin.VerifyElementTextKeyword$_verifyElementText_closure1.doCall(VerifyElementTextKeyword.groovy:57)
	at com.kms.katalon.core.webui.keyword.builtin.VerifyElementTextKeyword$_verifyElementText_closure1.call(VerifyElementTextKeyword.groovy)
	at com.kms.katalon.core.webui.keyword.internal.WebUIKeywordMain.runKeyword(WebUIKeywordMain.groovy:20)
	... 22 more
)
[[ATTACHMENT|C:\\Users\\hiba.naaz\\git\\Katalon-Practice\\Reports\\20230922_150050\\TestSuite_03\\20230922_150050\\1695375239585.png]]]]></system-out>
         <system-err><![CDATA[2023-09-22 15:03:52 - [TEST_CASE][FAILED] - Test Cases/TC_21: Test Cases/TC_21 FAILED.
Reason:
com.kms.katalon.core.exception.StepFailedException: Verify element text of test object 'Object Repository/Page_Amazon.com Amazon Prime/h1_New members, try Primefree for 30 days' FAILED.
	at com.kms.katalon.core.webui.keyword.internal.WebUIKeywordMain.stepFailed(WebUIKeywordMain.groovy:64)
	at com.kms.katalon.core.webui.keyword.internal.WebUIKeywordMain.runKeyword(WebUIKeywordMain.groovy:26)
	at com.kms.katalon.core.webui.keyword.builtin.VerifyElementTextKeyword.verifyElementText(VerifyElementTextKeyword.groovy:72)
	at com.kms.katalon.core.webui.keyword.builtin.VerifyElementTextKeyword.execute(VerifyElementTextKeyword.groovy:40)
	at com.kms.katalon.core.keyword.internal.KeywordExecutor.executeKeywordForPlatform(KeywordExecutor.groovy:74)
	at com.kms.katalon.core.webui.keyword.WebUiBuiltInKeywords.verifyElementText(WebUiBuiltInKeywords.groovy:4749)
	at com.kms.katalon.core.webui.keyword.WebUiBuiltInKeywords$verifyElementText$1.call(Unknown Source)
	at TC_21.run(TC_21:24)
	at com.kms.katalon.core.main.ScriptEngine.run(ScriptEngine.java:194)
	at com.kms.katalon.core.main.ScriptEngine.runScriptAsRawText(ScriptEngine.java:119)
	at com.kms.katalon.core.main.TestCaseExecutor.runScript(TestCaseExecutor.java:448)
	at com.kms.katalon.core.main.TestCaseExecutor.doExecute(TestCaseExecutor.java:439)
	at com.kms.katalon.core.main.TestCaseExecutor.processExecutionPhase(TestCaseExecutor.java:418)
	at com.kms.katalon.core.main.TestCaseExecutor.accessMainPhase(TestCaseExecutor.java:410)
	at com.kms.katalon.core.main.TestCaseExecutor.execute(TestCaseExecutor.java:285)
	at com.kms.katalon.core.main.TestCaseExecutor.execute(TestCaseExecutor.java:369)
	at com.kms.katalon.core.main.TestCaseExecutor.execute(TestCaseExecutor.java:369)
	at com.kms.katalon.core.main.TestCaseExecutor.execute(TestCaseExecutor.java:369)
	at com.kms.katalon.core.common.CommonExecutor.accessTestCaseMainPhase(CommonExecutor.java:65)
	at com.kms.katalon.core.main.TestSuiteExecutor.accessTestSuiteMainPhase(TestSuiteExecutor.java:148)
	at com.kms.katalon.core.main.TestSuiteExecutor.execute(TestSuiteExecutor.java:106)
	at com.kms.katalon.core.main.TestCaseMain.startTestSuite(TestCaseMain.java:187)
	at com.kms.katalon.core.main.TestCaseMain$startTestSuite$0.call(Unknown Source)
	at TempTestSuite1695375050722.run(TempTestSuite1695375050722.groovy:36)
Caused by: com.kms.katalon.core.exception.StepFailedException: Actual text 'New members, try Prime
free for 30 days' and expected text 'New members, try Primefree for 30 days' of test object 'Object Repository/Page_Amazon.com Amazon Prime/h1_New members, try Primefree for 30 days' are NOT matched.
	at com.kms.katalon.core.webui.keyword.internal.WebUIKeywordMain.stepFailed(WebUIKeywordMain.groovy:64)
	at com.kms.katalon.core.webui.keyword.builtin.VerifyElementTextKeyword$_verifyElementText_closure1.doCall(VerifyElementTextKeyword.groovy:57)
	at com.kms.katalon.core.webui.keyword.builtin.VerifyElementTextKeyword$_verifyElementText_closure1.call(VerifyElementTextKeyword.groovy)
	at com.kms.katalon.core.webui.keyword.internal.WebUIKeywordMain.runKeyword(WebUIKeywordMain.groovy:20)
	... 22 more]]></system-err>
      </testcase>
      <testcase name="Test Cases/TC_20" time="9.099" classname="Test Cases/TC_20" status="PASSED">
         <system-out><![CDATA[2023-09-22 15:04:00 - [TEST_CASE][PASSED] - Test Cases/TC_20: Test Cases/TC_20

2023-09-22 15:04:00 - [TEST_STEP][PASSED] - openBrowser(""): Browser is opened with url: ''

2023-09-22 15:04:00 - [MESSAGE][WARNING] - A browser is already opened. Closing browser and opening a new one

2023-09-22 15:04:01 - [MESSAGE][INFO] - Starting 'Chrome' driver

2023-09-22 15:04:01 - [MESSAGE][INFO] - Action delay is set to 0 milliseconds

2023-09-22 15:04:03 - [MESSAGE][PASSED] - Browser is opened with url: ''

2023-09-22 15:04:03 - [TEST_STEP][PASSED] - navigateToUrl("https://www.netflix.com/in/"): Navigate to 'https://www.netflix.com/in/' successfully

2023-09-22 15:04:07 - [MESSAGE][PASSED] - Navigate to 'https://www.netflix.com/in/' successfully

2023-09-22 15:04:07 - [TEST_STEP][PASSED] - verifyElementText(findTestObject("Object Repository/Page_Netflix India  Watch TV Shows Online, _c0ceb3/p_Watch anywhere. Cancel anytime"), "Watch anywhere. Cancel anytime."): Actual text and expected text of test object 'Object Repository/Page_Netflix India  Watch TV Shows Online, _c0ceb3/p_Watch anywhere. Cancel anytime' are matched.

2023-09-22 15:04:08 - [MESSAGE][PASSED] - Actual text and expected text of test object 'Object Repository/Page_Netflix India  Watch TV Shows Online, _c0ceb3/p_Watch anywhere. Cancel anytime' are matched.

2023-09-22 15:04:08 - [TEST_STEP][PASSED] - closeBrowser(): Browser is closed

2023-09-22 15:04:09 - [MESSAGE][PASSED] - Browser is closed]]></system-out>
         <system-err><![CDATA[]]></system-err>
      </testcase>
      <testcase name="Test Cases/TC_19" time="11.642" classname="Test Cases/TC_19" status="PASSED">
         <system-out><![CDATA[2023-09-22 15:04:09 - [TEST_CASE][PASSED] - Test Cases/TC_19: Test Cases/TC_19

2023-09-22 15:04:09 - [TEST_STEP][PASSED] - openBrowser(""): Browser is opened with url: ''

2023-09-22 15:04:09 - [MESSAGE][INFO] - Starting 'Chrome' driver

2023-09-22 15:04:09 - [MESSAGE][INFO] - Action delay is set to 0 milliseconds

2023-09-22 15:04:11 - [MESSAGE][PASSED] - Browser is opened with url: ''

2023-09-22 15:04:11 - [TEST_STEP][PASSED] - navigateToUrl("https://www.youtube.com/"): Navigate to 'https://www.youtube.com/' successfully

2023-09-22 15:04:18 - [MESSAGE][PASSED] - Navigate to 'https://www.youtube.com/' successfully

2023-09-22 15:04:18 - [TEST_STEP][PASSED] - verifyElementText(findTestObject("Object Repository/Page_YouTube/yt-formatted-string_Gaming"), "Gaming"): Actual text and expected text of test object 'Object Repository/Page_YouTube/yt-formatted-string_Gaming' are matched.

2023-09-22 15:04:19 - [MESSAGE][PASSED] - Actual text and expected text of test object 'Object Repository/Page_YouTube/yt-formatted-string_Gaming' are matched.

2023-09-22 15:04:19 - [TEST_STEP][PASSED] - closeBrowser(): Browser is closed

2023-09-22 15:04:20 - [MESSAGE][PASSED] - Browser is closed]]></system-out>
         <system-err><![CDATA[]]></system-err>
      </testcase>
      <testcase name="Test Cases/TC_17" time="5.234" classname="Test Cases/TC_17" status="PASSED">
         <system-out><![CDATA[2023-09-22 15:04:20 - [TEST_CASE][PASSED] - Test Cases/TC_17: Test Cases/TC_17

2023-09-22 15:04:21 - [TEST_STEP][PASSED] - openBrowser(""): Browser is opened with url: ''

2023-09-22 15:04:21 - [MESSAGE][INFO] - Starting 'Chrome' driver

2023-09-22 15:04:21 - [MESSAGE][INFO] - Action delay is set to 0 milliseconds

2023-09-22 15:04:23 - [MESSAGE][PASSED] - Browser is opened with url: ''

2023-09-22 15:04:23 - [TEST_STEP][PASSED] - navigateToUrl("https://www.facebook.com/"): Navigate to 'https://www.facebook.com/' successfully

2023-09-22 15:04:24 - [MESSAGE][PASSED] - Navigate to 'https://www.facebook.com/' successfully

2023-09-22 15:04:24 - [TEST_STEP][PASSED] - verifyElementText(findTestObject("Object Repository/Page_Facebook  log in or sign up/h2_Facebook helps you connect and share wit_f4ba92"), "Facebook helps you connect and share with the people in your life."): Actual text and expected text of test object 'Object Repository/Page_Facebook  log in or sign up/h2_Facebook helps you connect and share wit_f4ba92' are matched.

2023-09-22 15:04:25 - [MESSAGE][PASSED] - Actual text and expected text of test object 'Object Repository/Page_Facebook  log in or sign up/h2_Facebook helps you connect and share wit_f4ba92' are matched.

2023-09-22 15:04:25 - [TEST_STEP][PASSED] - closeBrowser(): Browser is closed

2023-09-22 15:04:26 - [MESSAGE][PASSED] - Browser is closed]]></system-out>
         <system-err><![CDATA[]]></system-err>
      </testcase>
      <testcase name="Test Cases/TC_18" time="9.208" classname="Test Cases/TC_18" status="FAILED">
         <failure type="FAILED" message="Test Cases/TC_18 FAILED.
Reason:
com.kms.katalon.core.exception.StepFailedException: Unable to click on object 'Object Repository/Page_Online Shopping Site for Mobiles, Elec_b3f752/a_Become a Seller'
	at com.kms.katalon.core.webui.keyword.internal.WebUIKeywordMain.stepFailed(WebUIKeywordMain.groovy:64)
	at com.kms.katalon.core.webui.keyword.internal.WebUIKeywordMain.runKeyword(WebUIKeywordMain.groovy:26)
	at com.kms.katalon.core.webui.keyword.builtin.ClickKeyword.click(ClickKeyword.groovy:74)
	at com.kms.katalon.core.webui.keyword.builtin.ClickKeyword.execute(ClickKeyword.groovy:40)
	at com.kms.katalon.core.keyword.internal.KeywordExecutor.executeKeywordForPlatform(KeywordExecutor.groovy:74)
	at com.kms.katalon.core.webui.keyword.WebUiBuiltInKeywords.click(WebUiBuiltInKeywords.groovy:620)
	at com.kms.katalon.core.webui.keyword.WebUiBuiltInKeywords$click$3.call(Unknown Source)
	at TC_18.run(TC_18:26)
	at com.kms.katalon.core.main.ScriptEngine.run(ScriptEngine.java:194)
	at com.kms.katalon.core.main.ScriptEngine.runScriptAsRawText(ScriptEngine.java:119)
	at com.kms.katalon.core.main.TestCaseExecutor.runScript(TestCaseExecutor.java:448)
	at com.kms.katalon.core.main.TestCaseExecutor.doExecute(TestCaseExecutor.java:439)
	at com.kms.katalon.core.main.TestCaseExecutor.processExecutionPhase(TestCaseExecutor.java:418)
	at com.kms.katalon.core.main.TestCaseExecutor.accessMainPhase(TestCaseExecutor.java:410)
	at com.kms.katalon.core.main.TestCaseExecutor.execute(TestCaseExecutor.java:285)
	at com.kms.katalon.core.main.TestCaseExecutor.execute(TestCaseExecutor.java:369)
	at com.kms.katalon.core.main.TestCaseExecutor.execute(TestCaseExecutor.java:369)
	at com.kms.katalon.core.main.TestCaseExecutor.execute(TestCaseExecutor.java:369)
	at com.kms.katalon.core.common.CommonExecutor.accessTestCaseMainPhase(CommonExecutor.java:65)
	at com.kms.katalon.core.main.TestSuiteExecutor.accessTestSuiteMainPhase(TestSuiteExecutor.java:148)
	at com.kms.katalon.core.main.TestSuiteExecutor.execute(TestSuiteExecutor.java:106)
	at com.kms.katalon.core.main.TestCaseMain.startTestSuite(TestCaseMain.java:187)
	at com.kms.katalon.core.main.TestCaseMain$startTestSuite$0.call(Unknown Source)
	at TempTestSuite1695375050722.run(TempTestSuite1695375050722.groovy:36)
Caused by: org.openqa.selenium.ElementNotInteractableException: element not interactable
  (Session info: chrome=116.0.5845.190)
Build info: version: '3.141.59', revision: 'e82be7d358', time: '2018-11-14T08:25:53'
System info: host: 'ZIL482', ip: '172.16.1.9', os.name: 'Windows 10', os.arch: 'amd64', os.version: '10.0', java.version: '1.8.0_362'
Driver info: com.kms.katalon.selenium.driver.CChromeDriver
Capabilities {acceptInsecureCerts: false, browserName: chrome, browserVersion: 116.0.5845.190, chrome: {chromedriverVersion: 116.0.5845.96 (1a3918166880..., userDataDir: C:\Users\HIBA~1.NAA\AppData...}, fedcm:accounts: true, goog:chromeOptions: {debuggerAddress: localhost:59517}, javascriptEnabled: true, networkConnectionEnabled: false, pageLoadStrategy: normal, platform: WINDOWS, platformName: WINDOWS, proxy: Proxy(), setWindowRect: true, strictFileInteractability: false, timeouts: {implicit: 0, pageLoad: 300000, script: 30000}, unhandledPromptBehavior: dismiss and notify, webauthn:extension:credBlob: true, webauthn:extension:largeBlob: true, webauthn:extension:minPinLength: true, webauthn:extension:prf: true, webauthn:virtualAuthenticators: true}
Session ID: 940bec1f73e562bf218ce525e4106925
	at org.openqa.selenium.remote.http.W3CHttpResponseCodec.createException(W3CHttpResponseCodec.java:187)
	at org.openqa.selenium.remote.http.W3CHttpResponseCodec.decode(W3CHttpResponseCodec.java:122)
	at org.openqa.selenium.remote.http.W3CHttpResponseCodec.decode(W3CHttpResponseCodec.java:49)
	at org.openqa.selenium.remote.HttpCommandExecutor.execute(HttpCommandExecutor.java:158)
	at org.openqa.selenium.remote.service.DriverCommandExecutor.execute(DriverCommandExecutor.java:83)
	at org.openqa.selenium.remote.RemoteWebDriver.execute(RemoteWebDriver.java:552)
	at com.kms.katalon.selenium.driver.CChromeDriver.execute(CChromeDriver.java:19)
	at org.openqa.selenium.remote.RemoteWebElement.execute(RemoteWebElement.java:285)
	at org.openqa.selenium.remote.RemoteWebElement.click(RemoteWebElement.java:84)
	at org.openqa.selenium.support.events.EventFiringWebDriver$EventFiringWebElement.lambda$new$0(EventFiringWebDriver.java:404)
	at com.sun.proxy.$Proxy11.click(Unknown Source)
	at org.openqa.selenium.support.events.EventFiringWebDriver$EventFiringWebElement.click(EventFiringWebDriver.java:417)
	at org.openqa.selenium.WebElement$click.call(Unknown Source)
	at com.kms.katalon.core.webui.keyword.builtin.ClickKeyword.clickUntilSuccessWithTimeout(ClickKeyword.groovy:81)
	at com.kms.katalon.core.webui.keyword.builtin.ClickKeyword.clickUntilSuccessWithTimeout(ClickKeyword.groovy)
	at com.kms.katalon.core.webui.keyword.builtin.ClickKeyword$_click_closure1.doCall(ClickKeyword.groovy:67)
	at com.kms.katalon.core.webui.keyword.builtin.ClickKeyword$_click_closure1.call(ClickKeyword.groovy)
	at com.kms.katalon.core.webui.keyword.internal.WebUIKeywordMain.runKeyword(WebUIKeywordMain.groovy:20)
	... 22 more
"/>
         <system-out><![CDATA[2023-09-22 15:04:52 - [TEST_CASE][FAILED] - Test Cases/TC_18: Test Cases/TC_18 FAILED.
Reason:
com.kms.katalon.core.exception.StepFailedException: Unable to click on object 'Object Repository/Page_Online Shopping Site for Mobiles, Elec_b3f752/a_Become a Seller'
	at com.kms.katalon.core.webui.keyword.internal.WebUIKeywordMain.stepFailed(WebUIKeywordMain.groovy:64)
	at com.kms.katalon.core.webui.keyword.internal.WebUIKeywordMain.runKeyword(WebUIKeywordMain.groovy:26)
	at com.kms.katalon.core.webui.keyword.builtin.ClickKeyword.click(ClickKeyword.groovy:74)
	at com.kms.katalon.core.webui.keyword.builtin.ClickKeyword.execute(ClickKeyword.groovy:40)
	at com.kms.katalon.core.keyword.internal.KeywordExecutor.executeKeywordForPlatform(KeywordExecutor.groovy:74)
	at com.kms.katalon.core.webui.keyword.WebUiBuiltInKeywords.click(WebUiBuiltInKeywords.groovy:620)
	at com.kms.katalon.core.webui.keyword.WebUiBuiltInKeywords$click$3.call(Unknown Source)
	at TC_18.run(TC_18:26)
	at com.kms.katalon.core.main.ScriptEngine.run(ScriptEngine.java:194)
	at com.kms.katalon.core.main.ScriptEngine.runScriptAsRawText(ScriptEngine.java:119)
	at com.kms.katalon.core.main.TestCaseExecutor.runScript(TestCaseExecutor.java:448)
	at com.kms.katalon.core.main.TestCaseExecutor.doExecute(TestCaseExecutor.java:439)
	at com.kms.katalon.core.main.TestCaseExecutor.processExecutionPhase(TestCaseExecutor.java:418)
	at com.kms.katalon.core.main.TestCaseExecutor.accessMainPhase(TestCaseExecutor.java:410)
	at com.kms.katalon.core.main.TestCaseExecutor.execute(TestCaseExecutor.java:285)
	at com.kms.katalon.core.main.TestCaseExecutor.execute(TestCaseExecutor.java:369)
	at com.kms.katalon.core.main.TestCaseExecutor.execute(TestCaseExecutor.java:369)
	at com.kms.katalon.core.main.TestCaseExecutor.execute(TestCaseExecutor.java:369)
	at com.kms.katalon.core.common.CommonExecutor.accessTestCaseMainPhase(CommonExecutor.java:65)
	at com.kms.katalon.core.main.TestSuiteExecutor.accessTestSuiteMainPhase(TestSuiteExecutor.java:148)
	at com.kms.katalon.core.main.TestSuiteExecutor.execute(TestSuiteExecutor.java:106)
	at com.kms.katalon.core.main.TestCaseMain.startTestSuite(TestCaseMain.java:187)
	at com.kms.katalon.core.main.TestCaseMain$startTestSuite$0.call(Unknown Source)
	at TempTestSuite1695375050722.run(TempTestSuite1695375050722.groovy:36)
Caused by: org.openqa.selenium.ElementNotInteractableException: element not interactable
  (Session info: chrome=116.0.5845.190)
Build info: version: '3.141.59', revision: 'e82be7d358', time: '2018-11-14T08:25:53'
System info: host: 'ZIL482', ip: '172.16.1.9', os.name: 'Windows 10', os.arch: 'amd64', os.version: '10.0', java.version: '1.8.0_362'
Driver info: com.kms.katalon.selenium.driver.CChromeDriver
Capabilities {acceptInsecureCerts: false, browserName: chrome, browserVersion: 116.0.5845.190, chrome: {chromedriverVersion: 116.0.5845.96 (1a3918166880..., userDataDir: C:\Users\HIBA~1.NAA\AppData...}, fedcm:accounts: true, goog:chromeOptions: {debuggerAddress: localhost:59517}, javascriptEnabled: true, networkConnectionEnabled: false, pageLoadStrategy: normal, platform: WINDOWS, platformName: WINDOWS, proxy: Proxy(), setWindowRect: true, strictFileInteractability: false, timeouts: {implicit: 0, pageLoad: 300000, script: 30000}, unhandledPromptBehavior: dismiss and notify, webauthn:extension:credBlob: true, webauthn:extension:largeBlob: true, webauthn:extension:minPinLength: true, webauthn:extension:prf: true, webauthn:virtualAuthenticators: true}
Session ID: 940bec1f73e562bf218ce525e4106925
	at org.openqa.selenium.remote.http.W3CHttpResponseCodec.createException(W3CHttpResponseCodec.java:187)
	at org.openqa.selenium.remote.http.W3CHttpResponseCodec.decode(W3CHttpResponseCodec.java:122)
	at org.openqa.selenium.remote.http.W3CHttpResponseCodec.decode(W3CHttpResponseCodec.java:49)
	at org.openqa.selenium.remote.HttpCommandExecutor.execute(HttpCommandExecutor.java:158)
	at org.openqa.selenium.remote.service.DriverCommandExecutor.execute(DriverCommandExecutor.java:83)
	at org.openqa.selenium.remote.RemoteWebDriver.execute(RemoteWebDriver.java:552)
	at com.kms.katalon.selenium.driver.CChromeDriver.execute(CChromeDriver.java:19)
	at org.openqa.selenium.remote.RemoteWebElement.execute(RemoteWebElement.java:285)
	at org.openqa.selenium.remote.RemoteWebElement.click(RemoteWebElement.java:84)
	at org.openqa.selenium.support.events.EventFiringWebDriver$EventFiringWebElement.lambda$new$0(EventFiringWebDriver.java:404)
	at com.sun.proxy.$Proxy11.click(Unknown Source)
	at org.openqa.selenium.support.events.EventFiringWebDriver$EventFiringWebElement.click(EventFiringWebDriver.java:417)
	at org.openqa.selenium.WebElement$click.call(Unknown Source)
	at com.kms.katalon.core.webui.keyword.builtin.ClickKeyword.clickUntilSuccessWithTimeout(ClickKeyword.groovy:81)
	at com.kms.katalon.core.webui.keyword.builtin.ClickKeyword.clickUntilSuccessWithTimeout(ClickKeyword.groovy)
	at com.kms.katalon.core.webui.keyword.builtin.ClickKeyword$_click_closure1.doCall(ClickKeyword.groovy:67)
	at com.kms.katalon.core.webui.keyword.builtin.ClickKeyword$_click_closure1.call(ClickKeyword.groovy)
	at com.kms.katalon.core.webui.keyword.internal.WebUIKeywordMain.runKeyword(WebUIKeywordMain.groovy:20)
	... 22 more


2023-09-22 15:04:52 - [TEST_STEP][PASSED] - openBrowser(""): Browser is opened with url: ''

2023-09-22 15:04:52 - [MESSAGE][WARNING] - A browser is already opened. Closing browser and opening a new one

2023-09-22 15:04:53 - [MESSAGE][INFO] - Starting 'Chrome' driver

2023-09-22 15:04:53 - [MESSAGE][INFO] - Action delay is set to 0 milliseconds

2023-09-22 15:04:55 - [MESSAGE][PASSED] - Browser is opened with url: ''

2023-09-22 15:04:55 - [TEST_STEP][PASSED] - navigateToUrl("https://www.flipkart.com/"): Navigate to 'https://www.flipkart.com/' successfully

2023-09-22 15:04:58 - [MESSAGE][PASSED] - Navigate to 'https://www.flipkart.com/' successfully

2023-09-22 15:04:58 - [TEST_STEP][PASSED] - click(findTestObject("Object Repository/Page_Online Shopping Site for Mobiles, Elec_b3f752/span_")): Object: 'Object Repository/Page_Online Shopping Site for Mobiles, Elec_b3f752/span_' is clicked on

2023-09-22 15:05:00 - [MESSAGE][PASSED] - Object: 'Object Repository/Page_Online Shopping Site for Mobiles, Elec_b3f752/span_' is clicked on

2023-09-22 15:05:00 - [TEST_STEP][FAILED] - click(findTestObject("Object Repository/Page_Online Shopping Site for Mobiles, Elec_b3f752/a_Become a Seller")): Unable to click on object 'Object Repository/Page_Online Shopping Site for Mobiles, Elec_b3f752/a_Become a Seller' (Root cause: com.kms.katalon.core.exception.StepFailedException: Unable to click on object 'Object Repository/Page_Online Shopping Site for Mobiles, Elec_b3f752/a_Become a Seller'
	at com.kms.katalon.core.webui.keyword.internal.WebUIKeywordMain.stepFailed(WebUIKeywordMain.groovy:64)
	at com.kms.katalon.core.webui.keyword.internal.WebUIKeywordMain.runKeyword(WebUIKeywordMain.groovy:26)
	at com.kms.katalon.core.webui.keyword.builtin.ClickKeyword.click(ClickKeyword.groovy:74)
	at com.kms.katalon.core.webui.keyword.builtin.ClickKeyword.execute(ClickKeyword.groovy:40)
	at com.kms.katalon.core.keyword.internal.KeywordExecutor.executeKeywordForPlatform(KeywordExecutor.groovy:74)
	at com.kms.katalon.core.webui.keyword.WebUiBuiltInKeywords.click(WebUiBuiltInKeywords.groovy:620)
	at com.kms.katalon.core.webui.keyword.WebUiBuiltInKeywords$click$3.call(Unknown Source)
	at TC_18.run(TC_18:26)
	at com.kms.katalon.core.main.ScriptEngine.run(ScriptEngine.java:194)
	at com.kms.katalon.core.main.ScriptEngine.runScriptAsRawText(ScriptEngine.java:119)
	at com.kms.katalon.core.main.TestCaseExecutor.runScript(TestCaseExecutor.java:448)
	at com.kms.katalon.core.main.TestCaseExecutor.doExecute(TestCaseExecutor.java:439)
	at com.kms.katalon.core.main.TestCaseExecutor.processExecutionPhase(TestCaseExecutor.java:418)
	at com.kms.katalon.core.main.TestCaseExecutor.accessMainPhase(TestCaseExecutor.java:410)
	at com.kms.katalon.core.main.TestCaseExecutor.execute(TestCaseExecutor.java:285)
	at com.kms.katalon.core.main.TestCaseExecutor.execute(TestCaseExecutor.java:369)
	at com.kms.katalon.core.main.TestCaseExecutor.execute(TestCaseExecutor.java:369)
	at com.kms.katalon.core.main.TestCaseExecutor.execute(TestCaseExecutor.java:369)
	at com.kms.katalon.core.common.CommonExecutor.accessTestCaseMainPhase(CommonExecutor.java:65)
	at com.kms.katalon.core.main.TestSuiteExecutor.accessTestSuiteMainPhase(TestSuiteExecutor.java:148)
	at com.kms.katalon.core.main.TestSuiteExecutor.execute(TestSuiteExecutor.java:106)
	at com.kms.katalon.core.main.TestCaseMain.startTestSuite(TestCaseMain.java:187)
	at com.kms.katalon.core.main.TestCaseMain$startTestSuite$0.call(Unknown Source)
	at TempTestSuite1695375050722.run(TempTestSuite1695375050722.groovy:36)
Caused by: org.openqa.selenium.ElementNotInteractableException: element not interactable
  (Session info: chrome=116.0.5845.190)
Build info: version: '3.141.59', revision: 'e82be7d358', time: '2018-11-14T08:25:53'
System info: host: 'ZIL482', ip: '172.16.1.9', os.name: 'Windows 10', os.arch: 'amd64', os.version: '10.0', java.version: '1.8.0_362'
Driver info: com.kms.katalon.selenium.driver.CChromeDriver
Capabilities {acceptInsecureCerts: false, browserName: chrome, browserVersion: 116.0.5845.190, chrome: {chromedriverVersion: 116.0.5845.96 (1a3918166880..., userDataDir: C:\Users\HIBA~1.NAA\AppData...}, fedcm:accounts: true, goog:chromeOptions: {debuggerAddress: localhost:59517}, javascriptEnabled: true, networkConnectionEnabled: false, pageLoadStrategy: normal, platform: WINDOWS, platformName: WINDOWS, proxy: Proxy(), setWindowRect: true, strictFileInteractability: false, timeouts: {implicit: 0, pageLoad: 300000, script: 30000}, unhandledPromptBehavior: dismiss and notify, webauthn:extension:credBlob: true, webauthn:extension:largeBlob: true, webauthn:extension:minPinLength: true, webauthn:extension:prf: true, webauthn:virtualAuthenticators: true}
Session ID: 940bec1f73e562bf218ce525e4106925
	at org.openqa.selenium.remote.http.W3CHttpResponseCodec.createException(W3CHttpResponseCodec.java:187)
	at org.openqa.selenium.remote.http.W3CHttpResponseCodec.decode(W3CHttpResponseCodec.java:122)
	at org.openqa.selenium.remote.http.W3CHttpResponseCodec.decode(W3CHttpResponseCodec.java:49)
	at org.openqa.selenium.remote.HttpCommandExecutor.execute(HttpCommandExecutor.java:158)
	at org.openqa.selenium.remote.service.DriverCommandExecutor.execute(DriverCommandExecutor.java:83)
	at org.openqa.selenium.remote.RemoteWebDriver.execute(RemoteWebDriver.java:552)
	at com.kms.katalon.selenium.driver.CChromeDriver.execute(CChromeDriver.java:19)
	at org.openqa.selenium.remote.RemoteWebElement.execute(RemoteWebElement.java:285)
	at org.openqa.selenium.remote.RemoteWebElement.click(RemoteWebElement.java:84)
	at org.openqa.selenium.support.events.EventFiringWebDriver$EventFiringWebElement.lambda$new$0(EventFiringWebDriver.java:404)
	at com.sun.proxy.$Proxy11.click(Unknown Source)
	at org.openqa.selenium.support.events.EventFiringWebDriver$EventFiringWebElement.click(EventFiringWebDriver.java:417)
	at org.openqa.selenium.WebElement$click.call(Unknown Source)
	at com.kms.katalon.core.webui.keyword.builtin.ClickKeyword.clickUntilSuccessWithTimeout(ClickKeyword.groovy:81)
	at com.kms.katalon.core.webui.keyword.builtin.ClickKeyword.clickUntilSuccessWithTimeout(ClickKeyword.groovy)
	at com.kms.katalon.core.webui.keyword.builtin.ClickKeyword$_click_closure1.doCall(ClickKeyword.groovy:67)
	at com.kms.katalon.core.webui.keyword.builtin.ClickKeyword$_click_closure1.call(ClickKeyword.groovy)
	at com.kms.katalon.core.webui.keyword.internal.WebUIKeywordMain.runKeyword(WebUIKeywordMain.groovy:20)
	at com.kms.katalon.core.webui.keyword.builtin.ClickKeyword.click(ClickKeyword.groovy:74)
	at com.kms.katalon.core.webui.keyword.builtin.ClickKeyword.execute(ClickKeyword.groovy:40)
	at com.kms.katalon.core.keyword.internal.KeywordExecutor.executeKeywordForPlatform(KeywordExecutor.groovy:74)
	at com.kms.katalon.core.webui.keyword.WebUiBuiltInKeywords.click(WebUiBuiltInKeywords.groovy:620)
	at com.kms.katalon.core.webui.keyword.WebUiBuiltInKeywords$click$3.call(Unknown Source)
	at Script1695372383122.run(Script1695372383122.groovy:26)
	... 16 more
)

2023-09-22 15:05:01 - [MESSAGE][FAILED] - Unable to click on object 'Object Repository/Page_Online Shopping Site for Mobiles, Elec_b3f752/a_Become a Seller' (Root cause: com.kms.katalon.core.exception.StepFailedException: Unable to click on object 'Object Repository/Page_Online Shopping Site for Mobiles, Elec_b3f752/a_Become a Seller'
	at com.kms.katalon.core.webui.keyword.internal.WebUIKeywordMain.stepFailed(WebUIKeywordMain.groovy:64)
	at com.kms.katalon.core.webui.keyword.internal.WebUIKeywordMain.runKeyword(WebUIKeywordMain.groovy:26)
	at com.kms.katalon.core.webui.keyword.builtin.ClickKeyword.click(ClickKeyword.groovy:74)
	at com.kms.katalon.core.webui.keyword.builtin.ClickKeyword.execute(ClickKeyword.groovy:40)
	at com.kms.katalon.core.keyword.internal.KeywordExecutor.executeKeywordForPlatform(KeywordExecutor.groovy:74)
	at com.kms.katalon.core.webui.keyword.WebUiBuiltInKeywords.click(WebUiBuiltInKeywords.groovy:620)
	at com.kms.katalon.core.webui.keyword.WebUiBuiltInKeywords$click$3.call(Unknown Source)
	at TC_18.run(TC_18:26)
	at com.kms.katalon.core.main.ScriptEngine.run(ScriptEngine.java:194)
	at com.kms.katalon.core.main.ScriptEngine.runScriptAsRawText(ScriptEngine.java:119)
	at com.kms.katalon.core.main.TestCaseExecutor.runScript(TestCaseExecutor.java:448)
	at com.kms.katalon.core.main.TestCaseExecutor.doExecute(TestCaseExecutor.java:439)
	at com.kms.katalon.core.main.TestCaseExecutor.processExecutionPhase(TestCaseExecutor.java:418)
	at com.kms.katalon.core.main.TestCaseExecutor.accessMainPhase(TestCaseExecutor.java:410)
	at com.kms.katalon.core.main.TestCaseExecutor.execute(TestCaseExecutor.java:285)
	at com.kms.katalon.core.main.TestCaseExecutor.execute(TestCaseExecutor.java:369)
	at com.kms.katalon.core.main.TestCaseExecutor.execute(TestCaseExecutor.java:369)
	at com.kms.katalon.core.main.TestCaseExecutor.execute(TestCaseExecutor.java:369)
	at com.kms.katalon.core.common.CommonExecutor.accessTestCaseMainPhase(CommonExecutor.java:65)
	at com.kms.katalon.core.main.TestSuiteExecutor.accessTestSuiteMainPhase(TestSuiteExecutor.java:148)
	at com.kms.katalon.core.main.TestSuiteExecutor.execute(TestSuiteExecutor.java:106)
	at com.kms.katalon.core.main.TestCaseMain.startTestSuite(TestCaseMain.java:187)
	at com.kms.katalon.core.main.TestCaseMain$startTestSuite$0.call(Unknown Source)
	at TempTestSuite1695375050722.run(TempTestSuite1695375050722.groovy:36)
Caused by: org.openqa.selenium.ElementNotInteractableException: element not interactable
  (Session info: chrome=116.0.5845.190)
Build info: version: '3.141.59', revision: 'e82be7d358', time: '2018-11-14T08:25:53'
System info: host: 'ZIL482', ip: '172.16.1.9', os.name: 'Windows 10', os.arch: 'amd64', os.version: '10.0', java.version: '1.8.0_362'
Driver info: com.kms.katalon.selenium.driver.CChromeDriver
Capabilities {acceptInsecureCerts: false, browserName: chrome, browserVersion: 116.0.5845.190, chrome: {chromedriverVersion: 116.0.5845.96 (1a3918166880..., userDataDir: C:\Users\HIBA~1.NAA\AppData...}, fedcm:accounts: true, goog:chromeOptions: {debuggerAddress: localhost:59517}, javascriptEnabled: true, networkConnectionEnabled: false, pageLoadStrategy: normal, platform: WINDOWS, platformName: WINDOWS, proxy: Proxy(), setWindowRect: true, strictFileInteractability: false, timeouts: {implicit: 0, pageLoad: 300000, script: 30000}, unhandledPromptBehavior: dismiss and notify, webauthn:extension:credBlob: true, webauthn:extension:largeBlob: true, webauthn:extension:minPinLength: true, webauthn:extension:prf: true, webauthn:virtualAuthenticators: true}
Session ID: 940bec1f73e562bf218ce525e4106925
	at org.openqa.selenium.remote.http.W3CHttpResponseCodec.createException(W3CHttpResponseCodec.java:187)
	at org.openqa.selenium.remote.http.W3CHttpResponseCodec.decode(W3CHttpResponseCodec.java:122)
	at org.openqa.selenium.remote.http.W3CHttpResponseCodec.decode(W3CHttpResponseCodec.java:49)
	at org.openqa.selenium.remote.HttpCommandExecutor.execute(HttpCommandExecutor.java:158)
	at org.openqa.selenium.remote.service.DriverCommandExecutor.execute(DriverCommandExecutor.java:83)
	at org.openqa.selenium.remote.RemoteWebDriver.execute(RemoteWebDriver.java:552)
	at com.kms.katalon.selenium.driver.CChromeDriver.execute(CChromeDriver.java:19)
	at org.openqa.selenium.remote.RemoteWebElement.execute(RemoteWebElement.java:285)
	at org.openqa.selenium.remote.RemoteWebElement.click(RemoteWebElement.java:84)
	at org.openqa.selenium.support.events.EventFiringWebDriver$EventFiringWebElement.lambda$new$0(EventFiringWebDriver.java:404)
	at com.sun.proxy.$Proxy11.click(Unknown Source)
	at org.openqa.selenium.support.events.EventFiringWebDriver$EventFiringWebElement.click(EventFiringWebDriver.java:417)
	at org.openqa.selenium.WebElement$click.call(Unknown Source)
	at com.kms.katalon.core.webui.keyword.builtin.ClickKeyword.clickUntilSuccessWithTimeout(ClickKeyword.groovy:81)
	at com.kms.katalon.core.webui.keyword.builtin.ClickKeyword.clickUntilSuccessWithTimeout(ClickKeyword.groovy)
	at com.kms.katalon.core.webui.keyword.builtin.ClickKeyword$_click_closure1.doCall(ClickKeyword.groovy:67)
	at com.kms.katalon.core.webui.keyword.builtin.ClickKeyword$_click_closure1.call(ClickKeyword.groovy)
	at com.kms.katalon.core.webui.keyword.internal.WebUIKeywordMain.runKeyword(WebUIKeywordMain.groovy:20)
	at com.kms.katalon.core.webui.keyword.builtin.ClickKeyword.click(ClickKeyword.groovy:74)
	at com.kms.katalon.core.webui.keyword.builtin.ClickKeyword.execute(ClickKeyword.groovy:40)
	at com.kms.katalon.core.keyword.internal.KeywordExecutor.executeKeywordForPlatform(KeywordExecutor.groovy:74)
	at com.kms.katalon.core.webui.keyword.WebUiBuiltInKeywords.click(WebUiBuiltInKeywords.groovy:620)
	at com.kms.katalon.core.webui.keyword.WebUiBuiltInKeywords$click$3.call(Unknown Source)
	at Script1695372383122.run(Script1695372383122.groovy:26)
	... 16 more
)
[[ATTACHMENT|C:\\Users\\hiba.naaz\\git\\Katalon-Practice\\Reports\\20230922_150050\\TestSuite_03\\20230922_150050\\1695375300952.png]]]]></system-out>
         <system-err><![CDATA[2023-09-22 15:04:52 - [TEST_CASE][FAILED] - Test Cases/TC_18: Test Cases/TC_18 FAILED.
Reason:
com.kms.katalon.core.exception.StepFailedException: Unable to click on object 'Object Repository/Page_Online Shopping Site for Mobiles, Elec_b3f752/a_Become a Seller'
	at com.kms.katalon.core.webui.keyword.internal.WebUIKeywordMain.stepFailed(WebUIKeywordMain.groovy:64)
	at com.kms.katalon.core.webui.keyword.internal.WebUIKeywordMain.runKeyword(WebUIKeywordMain.groovy:26)
	at com.kms.katalon.core.webui.keyword.builtin.ClickKeyword.click(ClickKeyword.groovy:74)
	at com.kms.katalon.core.webui.keyword.builtin.ClickKeyword.execute(ClickKeyword.groovy:40)
	at com.kms.katalon.core.keyword.internal.KeywordExecutor.executeKeywordForPlatform(KeywordExecutor.groovy:74)
	at com.kms.katalon.core.webui.keyword.WebUiBuiltInKeywords.click(WebUiBuiltInKeywords.groovy:620)
	at com.kms.katalon.core.webui.keyword.WebUiBuiltInKeywords$click$3.call(Unknown Source)
	at TC_18.run(TC_18:26)
	at com.kms.katalon.core.main.ScriptEngine.run(ScriptEngine.java:194)
	at com.kms.katalon.core.main.ScriptEngine.runScriptAsRawText(ScriptEngine.java:119)
	at com.kms.katalon.core.main.TestCaseExecutor.runScript(TestCaseExecutor.java:448)
	at com.kms.katalon.core.main.TestCaseExecutor.doExecute(TestCaseExecutor.java:439)
	at com.kms.katalon.core.main.TestCaseExecutor.processExecutionPhase(TestCaseExecutor.java:418)
	at com.kms.katalon.core.main.TestCaseExecutor.accessMainPhase(TestCaseExecutor.java:410)
	at com.kms.katalon.core.main.TestCaseExecutor.execute(TestCaseExecutor.java:285)
	at com.kms.katalon.core.main.TestCaseExecutor.execute(TestCaseExecutor.java:369)
	at com.kms.katalon.core.main.TestCaseExecutor.execute(TestCaseExecutor.java:369)
	at com.kms.katalon.core.main.TestCaseExecutor.execute(TestCaseExecutor.java:369)
	at com.kms.katalon.core.common.CommonExecutor.accessTestCaseMainPhase(CommonExecutor.java:65)
	at com.kms.katalon.core.main.TestSuiteExecutor.accessTestSuiteMainPhase(TestSuiteExecutor.java:148)
	at com.kms.katalon.core.main.TestSuiteExecutor.execute(TestSuiteExecutor.java:106)
	at com.kms.katalon.core.main.TestCaseMain.startTestSuite(TestCaseMain.java:187)
	at com.kms.katalon.core.main.TestCaseMain$startTestSuite$0.call(Unknown Source)
	at TempTestSuite1695375050722.run(TempTestSuite1695375050722.groovy:36)
Caused by: org.openqa.selenium.ElementNotInteractableException: element not interactable
  (Session info: chrome=116.0.5845.190)
Build info: version: '3.141.59', revision: 'e82be7d358', time: '2018-11-14T08:25:53'
System info: host: 'ZIL482', ip: '172.16.1.9', os.name: 'Windows 10', os.arch: 'amd64', os.version: '10.0', java.version: '1.8.0_362'
Driver info: com.kms.katalon.selenium.driver.CChromeDriver
Capabilities {acceptInsecureCerts: false, browserName: chrome, browserVersion: 116.0.5845.190, chrome: {chromedriverVersion: 116.0.5845.96 (1a3918166880..., userDataDir: C:\Users\HIBA~1.NAA\AppData...}, fedcm:accounts: true, goog:chromeOptions: {debuggerAddress: localhost:59517}, javascriptEnabled: true, networkConnectionEnabled: false, pageLoadStrategy: normal, platform: WINDOWS, platformName: WINDOWS, proxy: Proxy(), setWindowRect: true, strictFileInteractability: false, timeouts: {implicit: 0, pageLoad: 300000, script: 30000}, unhandledPromptBehavior: dismiss and notify, webauthn:extension:credBlob: true, webauthn:extension:largeBlob: true, webauthn:extension:minPinLength: true, webauthn:extension:prf: true, webauthn:virtualAuthenticators: true}
Session ID: 940bec1f73e562bf218ce525e4106925
	at org.openqa.selenium.remote.http.W3CHttpResponseCodec.createException(W3CHttpResponseCodec.java:187)
	at org.openqa.selenium.remote.http.W3CHttpResponseCodec.decode(W3CHttpResponseCodec.java:122)
	at org.openqa.selenium.remote.http.W3CHttpResponseCodec.decode(W3CHttpResponseCodec.java:49)
	at org.openqa.selenium.remote.HttpCommandExecutor.execute(HttpCommandExecutor.java:158)
	at org.openqa.selenium.remote.service.DriverCommandExecutor.execute(DriverCommandExecutor.java:83)
	at org.openqa.selenium.remote.RemoteWebDriver.execute(RemoteWebDriver.java:552)
	at com.kms.katalon.selenium.driver.CChromeDriver.execute(CChromeDriver.java:19)
	at org.openqa.selenium.remote.RemoteWebElement.execute(RemoteWebElement.java:285)
	at org.openqa.selenium.remote.RemoteWebElement.click(RemoteWebElement.java:84)
	at org.openqa.selenium.support.events.EventFiringWebDriver$EventFiringWebElement.lambda$new$0(EventFiringWebDriver.java:404)
	at com.sun.proxy.$Proxy11.click(Unknown Source)
	at org.openqa.selenium.support.events.EventFiringWebDriver$EventFiringWebElement.click(EventFiringWebDriver.java:417)
	at org.openqa.selenium.WebElement$click.call(Unknown Source)
	at com.kms.katalon.core.webui.keyword.builtin.ClickKeyword.clickUntilSuccessWithTimeout(ClickKeyword.groovy:81)
	at com.kms.katalon.core.webui.keyword.builtin.ClickKeyword.clickUntilSuccessWithTimeout(ClickKeyword.groovy)
	at com.kms.katalon.core.webui.keyword.builtin.ClickKeyword$_click_closure1.doCall(ClickKeyword.groovy:67)
	at com.kms.katalon.core.webui.keyword.builtin.ClickKeyword$_click_closure1.call(ClickKeyword.groovy)
	at com.kms.katalon.core.webui.keyword.internal.WebUIKeywordMain.runKeyword(WebUIKeywordMain.groovy:20)
	... 22 more]]></system-err>
      </testcase>
      <testcase name="Test Cases/TC_16" time="13.7" classname="Test Cases/TC_16" status="PASSED">
         <system-out><![CDATA[2023-09-22 15:05:01 - [TEST_CASE][PASSED] - Test Cases/TC_16: Test Cases/TC_16

2023-09-22 15:05:02 - [TEST_STEP][PASSED] - openBrowser(""): Browser is opened with url: ''

2023-09-22 15:05:02 - [MESSAGE][WARNING] - A browser is already opened. Closing browser and opening a new one

2023-09-22 15:05:03 - [MESSAGE][INFO] - Starting 'Chrome' driver

2023-09-22 15:05:03 - [MESSAGE][INFO] - Action delay is set to 0 milliseconds

2023-09-22 15:05:05 - [MESSAGE][PASSED] - Browser is opened with url: ''

2023-09-22 15:05:05 - [TEST_STEP][PASSED] - navigateToUrl("https://www.rackspace.com/en-in"): Navigate to 'https://www.rackspace.com/en-in' successfully

2023-09-22 15:05:09 - [MESSAGE][PASSED] - Navigate to 'https://www.rackspace.com/en-in' successfully

2023-09-22 15:05:09 - [TEST_STEP][PASSED] - verifyElementText(findTestObject("Object Repository/Page_Rackspace Technology  Multicloud Solut_271227/img_Log In  Support_nav__logo-img"), ""): Actual text and expected text of test object 'Object Repository/Page_Rackspace Technology  Multicloud Solut_271227/img_Log In  Support_nav__logo-img' are matched.

2023-09-22 15:05:12 - [MESSAGE][PASSED] - Actual text and expected text of test object 'Object Repository/Page_Rackspace Technology  Multicloud Solut_271227/img_Log In  Support_nav__logo-img' are matched.

2023-09-22 15:05:12 - [TEST_STEP][PASSED] - click(findTestObject("Object Repository/Page_Rackspace Technology  Multicloud Solut_271227/a_Toggle Mobile Menu")): Object: 'Object Repository/Page_Rackspace Technology  Multicloud Solut_271227/a_Toggle Mobile Menu' is clicked on

2023-09-22 15:05:13 - [MESSAGE][PASSED] - Object: 'Object Repository/Page_Rackspace Technology  Multicloud Solut_271227/a_Toggle Mobile Menu' is clicked on

2023-09-22 15:05:13 - [TEST_STEP][PASSED] - click(findTestObject("Object Repository/Page_Rackspace Technology  Multicloud Solut_271227/span_Solutions")): Object: 'Object Repository/Page_Rackspace Technology  Multicloud Solut_271227/span_Solutions' is clicked on

2023-09-22 15:05:14 - [MESSAGE][PASSED] - Object: 'Object Repository/Page_Rackspace Technology  Multicloud Solut_271227/span_Solutions' is clicked on

2023-09-22 15:05:14 - [TEST_STEP][PASSED] - closeBrowser(): Browser is closed

2023-09-22 15:05:15 - [MESSAGE][PASSED] - Browser is closed]]></system-out>
         <system-err><![CDATA[]]></system-err>
      </testcase>
      <testcase name="Test Cases/TC_15" time="4.243" classname="Test Cases/TC_15" status="PASSED">
         <system-out><![CDATA[2023-09-22 15:05:15 - [TEST_CASE][PASSED] - Test Cases/TC_15: Test Cases/TC_15

2023-09-22 15:05:15 - [TEST_STEP][PASSED] - openBrowser(""): Browser is opened with url: ''

2023-09-22 15:05:15 - [MESSAGE][INFO] - Starting 'Chrome' driver

2023-09-22 15:05:15 - [MESSAGE][INFO] - Action delay is set to 0 milliseconds

2023-09-22 15:05:17 - [MESSAGE][PASSED] - Browser is opened with url: ''

2023-09-22 15:05:17 - [TEST_STEP][PASSED] - navigateToUrl("https://mail.yahoo.com/"): Navigate to 'https://mail.yahoo.com/' successfully

2023-09-22 15:05:18 - [MESSAGE][PASSED] - Navigate to 'https://mail.yahoo.com/' successfully

2023-09-22 15:05:18 - [TEST_STEP][PASSED] - closeBrowser(): Browser is closed

2023-09-22 15:05:19 - [MESSAGE][PASSED] - Browser is closed]]></system-out>
         <system-err><![CDATA[]]></system-err>
      </testcase>
      <testcase name="Test Cases/TC_14" time="7.892" classname="Test Cases/TC_14" status="PASSED">
         <system-out><![CDATA[2023-09-22 15:05:19 - [TEST_CASE][PASSED] - Test Cases/TC_14: Test Cases/TC_14

2023-09-22 15:05:19 - [TEST_STEP][PASSED] - openBrowser(""): Browser is opened with url: ''

2023-09-22 15:05:19 - [MESSAGE][INFO] - Starting 'Chrome' driver

2023-09-22 15:05:19 - [MESSAGE][INFO] - Action delay is set to 0 milliseconds

2023-09-22 15:05:21 - [MESSAGE][PASSED] - Browser is opened with url: ''

2023-09-22 15:05:21 - [TEST_STEP][PASSED] - navigateToUrl("https://www.mailinator.com/"): Navigate to 'https://www.mailinator.com/' successfully

2023-09-22 15:05:25 - [MESSAGE][PASSED] - Navigate to 'https://www.mailinator.com/' successfully

2023-09-22 15:05:25 - [TEST_STEP][PASSED] - verifyElementText(findTestObject("Object Repository/Page_Home - Mailinator/div_Public Inbox"), "Public Inbox"): Actual text and expected text of test object 'Object Repository/Page_Home - Mailinator/div_Public Inbox' are matched.

2023-09-22 15:05:26 - [MESSAGE][PASSED] - Actual text and expected text of test object 'Object Repository/Page_Home - Mailinator/div_Public Inbox' are matched.

2023-09-22 15:05:26 - [TEST_STEP][PASSED] - closeBrowser(): Browser is closed

2023-09-22 15:05:27 - [MESSAGE][PASSED] - Browser is closed]]></system-out>
         <system-err><![CDATA[]]></system-err>
      </testcase>
      <testcase name="Test Cases/TC_13" time="10.098" classname="Test Cases/TC_13" status="PASSED">
         <system-out><![CDATA[2023-09-22 15:05:27 - [TEST_CASE][PASSED] - Test Cases/TC_13: Test Cases/TC_13

2023-09-22 15:05:27 - [TEST_STEP][PASSED] - openBrowser(""): Browser is opened with url: ''

2023-09-22 15:05:27 - [MESSAGE][INFO] - Starting 'Chrome' driver

2023-09-22 15:05:27 - [MESSAGE][INFO] - Action delay is set to 0 milliseconds

2023-09-22 15:05:29 - [MESSAGE][PASSED] - Browser is opened with url: ''

2023-09-22 15:05:29 - [TEST_STEP][PASSED] - navigateToUrl("https://www.irctc.com/"): Navigate to 'https://www.irctc.com/' successfully

2023-09-22 15:05:34 - [MESSAGE][PASSED] - Navigate to 'https://www.irctc.com/' successfully

2023-09-22 15:05:34 - [TEST_STEP][PASSED] - click(findTestObject("Object Repository/Page_IRCTC Corporate Portal/a_About Us")): Object: 'Object Repository/Page_IRCTC Corporate Portal/a_About Us' is clicked on

2023-09-22 15:05:34 - [MESSAGE][PASSED] - Object: 'Object Repository/Page_IRCTC Corporate Portal/a_About Us' is clicked on

2023-09-22 15:05:34 - [TEST_STEP][PASSED] - click(findTestObject("Object Repository/Page_IRCTC Corporate Portal/a_Board of Directors")): Object: 'Object Repository/Page_IRCTC Corporate Portal/a_Board of Directors' is clicked on

2023-09-22 15:05:36 - [MESSAGE][PASSED] - Object: 'Object Repository/Page_IRCTC Corporate Portal/a_Board of Directors' is clicked on

2023-09-22 15:05:36 - [TEST_STEP][PASSED] - closeBrowser(): Browser is closed

2023-09-22 15:05:37 - [MESSAGE][PASSED] - Browser is closed]]></system-out>
         <system-err><![CDATA[]]></system-err>
      </testcase>
      <testcase name="Test Cases/TC_12" time="9.719" classname="Test Cases/TC_12" status="PASSED">
         <system-out><![CDATA[2023-09-22 15:05:37 - [TEST_CASE][PASSED] - Test Cases/TC_12: Test Cases/TC_12

2023-09-22 15:05:38 - [TEST_STEP][PASSED] - openBrowser(""): Browser is opened with url: ''

2023-09-22 15:05:38 - [MESSAGE][INFO] - Starting 'Chrome' driver

2023-09-22 15:05:38 - [MESSAGE][INFO] - Action delay is set to 0 milliseconds

2023-09-22 15:05:40 - [MESSAGE][PASSED] - Browser is opened with url: ''

2023-09-22 15:05:40 - [TEST_STEP][PASSED] - navigateToUrl("https://www.hyundai.com/in/en"): Navigate to 'https://www.hyundai.com/in/en' successfully

2023-09-22 15:05:46 - [MESSAGE][PASSED] - Navigate to 'https://www.hyundai.com/in/en' successfully

2023-09-22 15:05:46 - [TEST_STEP][PASSED] - closeBrowser(): Browser is closed

2023-09-22 15:05:47 - [MESSAGE][PASSED] - Browser is closed]]></system-out>
         <system-err><![CDATA[]]></system-err>
      </testcase>
      <testcase name="Test Cases/TC_11" time="13.874" classname="Test Cases/TC_11" status="PASSED">
         <system-out><![CDATA[2023-09-22 15:05:47 - [TEST_CASE][PASSED] - Test Cases/TC_11: Test Cases/TC_11

2023-09-22 15:05:48 - [TEST_STEP][PASSED] - openBrowser(""): Browser is opened with url: ''

2023-09-22 15:05:48 - [MESSAGE][INFO] - Starting 'Chrome' driver

2023-09-22 15:05:48 - [MESSAGE][INFO] - Action delay is set to 0 milliseconds

2023-09-22 15:05:50 - [MESSAGE][PASSED] - Browser is opened with url: ''

2023-09-22 15:05:50 - [TEST_STEP][PASSED] - navigateToUrl("https://www.ford.com/"): Navigate to 'https://www.ford.com/' successfully

2023-09-22 15:05:55 - [MESSAGE][PASSED] - Navigate to 'https://www.ford.com/' successfully

2023-09-22 15:05:55 - [TEST_STEP][PASSED] - click(findTestObject("Object Repository/Page_Ford - New Hybrid  Electric Vehicles, _4e3ec4/button_Vehicles")): Object: 'Object Repository/Page_Ford - New Hybrid  Electric Vehicles, _4e3ec4/button_Vehicles' is clicked on

2023-09-22 15:05:59 - [MESSAGE][PASSED] - Object: 'Object Repository/Page_Ford - New Hybrid  Electric Vehicles, _4e3ec4/button_Vehicles' is clicked on

2023-09-22 15:05:59 - [TEST_STEP][PASSED] - closeBrowser(): Browser is closed

2023-09-22 15:06:00 - [MESSAGE][PASSED] - Browser is closed]]></system-out>
         <system-err><![CDATA[]]></system-err>
      </testcase>
      <testcase name="Test Cases/TC_10" time="40.825" classname="Test Cases/TC_10" status="PASSED">
         <system-out><![CDATA[2023-09-22 15:06:00 - [TEST_CASE][PASSED] - Test Cases/TC_10: Test Cases/TC_10

2023-09-22 15:06:01 - [TEST_STEP][PASSED] - openBrowser(""): Browser is opened with url: ''

2023-09-22 15:06:01 - [MESSAGE][INFO] - Starting 'Chrome' driver

2023-09-22 15:06:01 - [MESSAGE][INFO] - Action delay is set to 0 milliseconds

2023-09-22 15:06:03 - [MESSAGE][PASSED] - Browser is opened with url: ''

2023-09-22 15:06:03 - [TEST_STEP][PASSED] - navigateToUrl("https://www.google.com/?gws_rd=ssl"): Navigate to 'https://www.google.com/?gws_rd=ssl' successfully

2023-09-22 15:06:06 - [MESSAGE][PASSED] - Navigate to 'https://www.google.com/?gws_rd=ssl' successfully

2023-09-22 15:06:06 - [TEST_STEP][PASSED] - setText(findTestObject("Object Repository/Page_Google/textarea__q"), "weather"): Text 'weather' is set on object 'Object Repository/Page_Google/textarea__q'

2023-09-22 15:06:07 - [MESSAGE][PASSED] - Text 'weather' is set on object 'Object Repository/Page_Google/textarea__q'

2023-09-22 15:06:07 - [TEST_STEP][PASSED] - click(findTestObject("Object Repository/Page_Google/span_weather")): Object: 'Object Repository/Page_Google/span_weather' is clicked on

2023-09-22 15:06:38 - [MESSAGE][INFO] - Unable to find the element located by 'By.xpath: //div[@id='jZ2SBf']/div/div/span'. Please recheck the objects properties to make sure the desired element is located. 

2023-09-22 15:06:38 - [MESSAGE][WARNING] - [SELF-HEALING] Failed to find element with id 'Object Repository/Page_Google/span_weather'. Try using Self-healing.

2023-09-22 15:06:39 - [MESSAGE][INFO] - [SELF-HEALING] Failed Locator: '//div[@id='jZ2SBf']/div/div/span'.

2023-09-22 15:06:39 - [MESSAGE][INFO] - [SELF-HEALING] Working Locator: '(.//*[normalize-space(text()) and normalize-space(.)=''])[1]/following::span[11]'.

2023-09-22 15:06:40 - [MESSAGE][INFO] - [SELF-HEALING] Screenshot: C:/Users/hiba.naaz/git/Katalon-Practice/Reports/Self-healing/Object Repository/Page_Google/span_weather_neighbor.png

2023-09-22 15:06:40 - [MESSAGE][WARNING] - [SELF-HEALING] The current locator of test object 'Object Repository/Page_Google/span_weather' was broken. Propose an alternative one: '(.//*[normalize-space(text()) and normalize-space(.)=''])[1]/following::span[11]'.

2023-09-22 15:06:40 - [MESSAGE][PASSED] - Object: 'Object Repository/Page_Google/span_weather' is clicked on

2023-09-22 15:06:40 - [TEST_STEP][PASSED] - closeBrowser(): Browser is closed

2023-09-22 15:06:41 - [MESSAGE][PASSED] - Browser is closed]]></system-out>
         <system-err><![CDATA[]]></system-err>
      </testcase>
      <testcase name="Test Cases/TC_09" time="6.387" classname="Test Cases/TC_09" status="PASSED">
         <system-out><![CDATA[2023-09-22 15:06:41 - [TEST_CASE][PASSED] - Test Cases/TC_09: Test Cases/TC_09

2023-09-22 15:06:42 - [TEST_STEP][PASSED] - openBrowser(""): Browser is opened with url: ''

2023-09-22 15:06:42 - [MESSAGE][INFO] - Starting 'Chrome' driver

2023-09-22 15:06:42 - [MESSAGE][INFO] - Action delay is set to 0 milliseconds

2023-09-22 15:06:44 - [MESSAGE][PASSED] - Browser is opened with url: ''

2023-09-22 15:06:44 - [TEST_STEP][PASSED] - navigateToUrl("https://www.google.com/maps"): Navigate to 'https://www.google.com/maps' successfully

2023-09-22 15:06:47 - [MESSAGE][PASSED] - Navigate to 'https://www.google.com/maps' successfully

2023-09-22 15:06:47 - [TEST_STEP][PASSED] - closeBrowser(): Browser is closed

2023-09-22 15:06:48 - [MESSAGE][PASSED] - Browser is closed]]></system-out>
         <system-err><![CDATA[]]></system-err>
      </testcase>
      <testcase name="Test Cases/TC_08" time="40.869" classname="Test Cases/TC_08" status="PASSED">
         <system-out><![CDATA[2023-09-22 15:06:48 - [TEST_CASE][PASSED] - Test Cases/TC_08: Test Cases/TC_08

2023-09-22 15:06:48 - [TEST_STEP][PASSED] - openBrowser(""): Browser is opened with url: ''

2023-09-22 15:06:48 - [MESSAGE][INFO] - Starting 'Chrome' driver

2023-09-22 15:06:48 - [MESSAGE][INFO] - Action delay is set to 0 milliseconds

2023-09-22 15:06:50 - [MESSAGE][PASSED] - Browser is opened with url: ''

2023-09-22 15:06:50 - [TEST_STEP][PASSED] - navigateToUrl("https://www.udemy.com/"): Navigate to 'https://www.udemy.com/' successfully

2023-09-22 15:06:54 - [MESSAGE][PASSED] - Navigate to 'https://www.udemy.com/' successfully

2023-09-22 15:06:54 - [TEST_STEP][PASSED] - click(findTestObject("Object Repository/Page_Online Courses - Learn Anything, On Yo_3e631d/span_Categories")): Object: 'Object Repository/Page_Online Courses - Learn Anything, On Yo_3e631d/span_Categories' is clicked on

2023-09-22 15:07:26 - [MESSAGE][INFO] - Unable to find the element located by 'By.xpath: //button[@id='u172-popper-trigger--1']/span'. Please recheck the objects properties to make sure the desired element is located. 

2023-09-22 15:07:26 - [MESSAGE][WARNING] - [SELF-HEALING] Failed to find element with id 'Object Repository/Page_Online Courses - Learn Anything, On Yo_3e631d/span_Categories'. Try using Self-healing.

2023-09-22 15:07:26 - [MESSAGE][INFO] - [SELF-HEALING] Failed Locator: '//button[@id='u172-popper-trigger--1']/span'.

2023-09-22 15:07:27 - [MESSAGE][INFO] - [SELF-HEALING] Working Locator: '(.//*[normalize-space(text()) and normalize-space(.)='Skip to content'])[1]/following::span[1]'.

2023-09-22 15:07:27 - [MESSAGE][INFO] - [SELF-HEALING] Screenshot: C:/Users/hiba.naaz/git/Katalon-Practice/Reports/Self-healing/Object Repository/Page_Online Courses - Learn Anything, On Yo_3e631d/span_Categories_neighbor.png

2023-09-22 15:07:27 - [MESSAGE][WARNING] - [SELF-HEALING] The current locator of test object 'Object Repository/Page_Online Courses - Learn Anything, On Yo_3e631d/span_Categories' was broken. Propose an alternative one: '(.//*[normalize-space(text()) and normalize-space(.)='Skip to content'])[1]/following::span[1]'.

2023-09-22 15:07:28 - [MESSAGE][PASSED] - Object: 'Object Repository/Page_Online Courses - Learn Anything, On Yo_3e631d/span_Categories' is clicked on

2023-09-22 15:07:28 - [TEST_STEP][PASSED] - closeBrowser(): Browser is closed

2023-09-22 15:07:29 - [MESSAGE][PASSED] - Browser is closed]]></system-out>
         <system-err><![CDATA[]]></system-err>
      </testcase>
      <testcase name="Test Cases/TC_07" time="11.142" classname="Test Cases/TC_07" status="PASSED">
         <system-out><![CDATA[2023-09-22 15:07:29 - [TEST_CASE][PASSED] - Test Cases/TC_07: Test Cases/TC_07

2023-09-22 15:07:29 - [TEST_STEP][PASSED] - openBrowser(""): Browser is opened with url: ''

2023-09-22 15:07:29 - [MESSAGE][INFO] - Starting 'Chrome' driver

2023-09-22 15:07:29 - [MESSAGE][INFO] - Action delay is set to 0 milliseconds

2023-09-22 15:07:32 - [MESSAGE][PASSED] - Browser is opened with url: ''

2023-09-22 15:07:32 - [TEST_STEP][PASSED] - navigateToUrl("https://www.playstore.com/"): Navigate to 'https://www.playstore.com/' successfully

2023-09-22 15:07:39 - [MESSAGE][PASSED] - Navigate to 'https://www.playstore.com/' successfully

2023-09-22 15:07:39 - [TEST_STEP][PASSED] - closeBrowser(): Browser is closed

2023-09-22 15:07:40 - [MESSAGE][PASSED] - Browser is closed]]></system-out>
         <system-err><![CDATA[]]></system-err>
      </testcase>
      <testcase name="Test Cases/TC_06" time="8.476" classname="Test Cases/TC_06" status="PASSED">
         <system-out><![CDATA[2023-09-22 15:07:40 - [TEST_CASE][PASSED] - Test Cases/TC_06: Test Cases/TC_06

2023-09-22 15:07:41 - [TEST_STEP][PASSED] - openBrowser(""): Browser is opened with url: ''

2023-09-22 15:07:41 - [MESSAGE][INFO] - Starting 'Chrome' driver

2023-09-22 15:07:41 - [MESSAGE][INFO] - Action delay is set to 0 milliseconds

2023-09-22 15:07:43 - [MESSAGE][PASSED] - Browser is opened with url: ''

2023-09-22 15:07:43 - [TEST_STEP][PASSED] - navigateToUrl("https://www.makemytrip.com/"): Navigate to 'https://www.makemytrip.com/' successfully

2023-09-22 15:07:47 - [MESSAGE][PASSED] - Navigate to 'https://www.makemytrip.com/' successfully

2023-09-22 15:07:47 - [TEST_STEP][PASSED] - closeBrowser(): Browser is closed

2023-09-22 15:07:48 - [MESSAGE][PASSED] - Browser is closed]]></system-out>
         <system-err><![CDATA[]]></system-err>
      </testcase>
      <system-out><![CDATA[2023-09-22 15:00:56 - [TEST_SUITE][FAILED] - TestSuite_03: Test Cases/TC_21 FAILED.
Reason:
com.kms.katalon.core.exception.StepFailedException: Verify element text of test object 'Object Repository/Page_Amazon.com Amazon Prime/h1_New members, try Primefree for 30 days' FAILED.
	at com.kms.katalon.core.webui.keyword.internal.WebUIKeywordMain.stepFailed(WebUIKeywordMain.groovy:64)
	at com.kms.katalon.core.webui.keyword.internal.WebUIKeywordMain.runKeyword(WebUIKeywordMain.groovy:26)
	at com.kms.katalon.core.webui.keyword.builtin.VerifyElementTextKeyword.verifyElementText(VerifyElementTextKeyword.groovy:72)
	at com.kms.katalon.core.webui.keyword.builtin.VerifyElementTextKeyword.execute(VerifyElementTextKeyword.groovy:40)
	at com.kms.katalon.core.keyword.internal.KeywordExecutor.executeKeywordForPlatform(KeywordExecutor.groovy:74)
	at com.kms.katalon.core.webui.keyword.WebUiBuiltInKeywords.verifyElementText(WebUiBuiltInKeywords.groovy:4749)
	at com.kms.katalon.core.webui.keyword.WebUiBuiltInKeywords$verifyElementText$1.call(Unknown Source)
	at TC_21.run(TC_21:24)
	at com.kms.katalon.core.main.ScriptEngine.run(ScriptEngine.java:194)
	at com.kms.katalon.core.main.ScriptEngine.runScriptAsRawText(ScriptEngine.java:119)
	at com.kms.katalon.core.main.TestCaseExecutor.runScript(TestCaseExecutor.java:448)
	at com.kms.katalon.core.main.TestCaseExecutor.doExecute(TestCaseExecutor.java:439)
	at com.kms.katalon.core.main.TestCaseExecutor.processExecutionPhase(TestCaseExecutor.java:418)
	at com.kms.katalon.core.main.TestCaseExecutor.accessMainPhase(TestCaseExecutor.java:410)
	at com.kms.katalon.core.main.TestCaseExecutor.execute(TestCaseExecutor.java:285)
	at com.kms.katalon.core.common.CommonExecutor.accessTestCaseMainPhase(CommonExecutor.java:65)
	at com.kms.katalon.core.main.TestSuiteExecutor.accessTestSuiteMainPhase(TestSuiteExecutor.java:148)
	at com.kms.katalon.core.main.TestSuiteExecutor.execute(TestSuiteExecutor.java:106)
	at com.kms.katalon.core.main.TestCaseMain.startTestSuite(TestCaseMain.java:187)
	at com.kms.katalon.core.main.TestCaseMain$startTestSuite$0.call(Unknown Source)
	at TempTestSuite1695375050722.run(TempTestSuite1695375050722.groovy:36)
Caused by: com.kms.katalon.core.exception.StepFailedException: Actual text 'New members, try Prime
free for 30 days' and expected text 'New members, try Primefree for 30 days' of test object 'Object Repository/Page_Amazon.com Amazon Prime/h1_New members, try Primefree for 30 days' are NOT matched.
	at com.kms.katalon.core.webui.keyword.internal.WebUIKeywordMain.stepFailed(WebUIKeywordMain.groovy:64)
	at com.kms.katalon.core.webui.keyword.builtin.VerifyElementTextKeyword$_verifyElementText_closure1.doCall(VerifyElementTextKeyword.groovy:57)
	at com.kms.katalon.core.webui.keyword.builtin.VerifyElementTextKeyword$_verifyElementText_closure1.call(VerifyElementTextKeyword.groovy)
	at com.kms.katalon.core.webui.keyword.internal.WebUIKeywordMain.runKeyword(WebUIKeywordMain.groovy:20)
	... 19 more]]></system-out>
      <system-err><![CDATA[2023-09-22 15:00:56 - [TEST_SUITE][FAILED] - TestSuite_03: Test Cases/TC_21 FAILED.
Reason:
com.kms.katalon.core.exception.StepFailedException: Verify element text of test object 'Object Repository/Page_Amazon.com Amazon Prime/h1_New members, try Primefree for 30 days' FAILED.
	at com.kms.katalon.core.webui.keyword.internal.WebUIKeywordMain.stepFailed(WebUIKeywordMain.groovy:64)
	at com.kms.katalon.core.webui.keyword.internal.WebUIKeywordMain.runKeyword(WebUIKeywordMain.groovy:26)
	at com.kms.katalon.core.webui.keyword.builtin.VerifyElementTextKeyword.verifyElementText(VerifyElementTextKeyword.groovy:72)
	at com.kms.katalon.core.webui.keyword.builtin.VerifyElementTextKeyword.execute(VerifyElementTextKeyword.groovy:40)
	at com.kms.katalon.core.keyword.internal.KeywordExecutor.executeKeywordForPlatform(KeywordExecutor.groovy:74)
	at com.kms.katalon.core.webui.keyword.WebUiBuiltInKeywords.verifyElementText(WebUiBuiltInKeywords.groovy:4749)
	at com.kms.katalon.core.webui.keyword.WebUiBuiltInKeywords$verifyElementText$1.call(Unknown Source)
	at TC_21.run(TC_21:24)
	at com.kms.katalon.core.main.ScriptEngine.run(ScriptEngine.java:194)
	at com.kms.katalon.core.main.ScriptEngine.runScriptAsRawText(ScriptEngine.java:119)
	at com.kms.katalon.core.main.TestCaseExecutor.runScript(TestCaseExecutor.java:448)
	at com.kms.katalon.core.main.TestCaseExecutor.doExecute(TestCaseExecutor.java:439)
	at com.kms.katalon.core.main.TestCaseExecutor.processExecutionPhase(TestCaseExecutor.java:418)
	at com.kms.katalon.core.main.TestCaseExecutor.accessMainPhase(TestCaseExecutor.java:410)
	at com.kms.katalon.core.main.TestCaseExecutor.execute(TestCaseExecutor.java:285)
	at com.kms.katalon.core.common.CommonExecutor.accessTestCaseMainPhase(CommonExecutor.java:65)
	at com.kms.katalon.core.main.TestSuiteExecutor.accessTestSuiteMainPhase(TestSuiteExecutor.java:148)
	at com.kms.katalon.core.main.TestSuiteExecutor.execute(TestSuiteExecutor.java:106)
	at com.kms.katalon.core.main.TestCaseMain.startTestSuite(TestCaseMain.java:187)
	at com.kms.katalon.core.main.TestCaseMain$startTestSuite$0.call(Unknown Source)
	at TempTestSuite1695375050722.run(TempTestSuite1695375050722.groovy:36)
Caused by: com.kms.katalon.core.exception.StepFailedException: Actual text 'New members, try Prime
free for 30 days' and expected text 'New members, try Primefree for 30 days' of test object 'Object Repository/Page_Amazon.com Amazon Prime/h1_New members, try Primefree for 30 days' are NOT matched.
	at com.kms.katalon.core.webui.keyword.internal.WebUIKeywordMain.stepFailed(WebUIKeywordMain.groovy:64)
	at com.kms.katalon.core.webui.keyword.builtin.VerifyElementTextKeyword$_verifyElementText_closure1.doCall(VerifyElementTextKeyword.groovy:57)
	at com.kms.katalon.core.webui.keyword.builtin.VerifyElementTextKeyword$_verifyElementText_closure1.call(VerifyElementTextKeyword.groovy)
	at com.kms.katalon.core.webui.keyword.internal.WebUIKeywordMain.runKeyword(WebUIKeywordMain.groovy:20)
	... 19 more]]></system-err>
   </testsuite>
</testsuites>
